2026-01-14 21:52:00,753 - INFO - Cloning repository: o-ran-sc/nonrtric-plt-helmmanager
2026-01-14 21:52:01,222 - INFO - Found 1 Dockerfile(s)
2026-01-14 21:52:01,223 - INFO - Building Dockerfile...
2026-01-14 21:52:01,916 - ERROR - ✗ Build failed: Dockerfile
2026-01-14 21:52:01,916 - ERROR - Error: #0 building with "default" instance using docker driver

#1 [internal] load build definition from Dockerfile
#1 transferring dockerfile: 1.96kB done
#1 DONE 0.0s

#2 [internal] load metadata for docker.io/curlimages/curl:7.78.0
#2 ...

#3 [internal] load metadata for docker.io/library/openjdk:11-jre-slim
#3 ERROR: docker.io/library/openjdk:11-jre-slim: not found

#2 [internal] load metadata for docker.io/curlimages/curl:7.78.0
#2 CANCELED
------
 > [internal] load metadata for docker.io/library/openjdk:11-jre-slim:
------
Dockerfile:27
--------------------
  25 |     
  26 |     
  27 | >>> FROM openjdk:11-jre-slim
  28 |     
  29 |     #Install helm
--------------------
ERROR: failed to build: failed to solve: openjdk:11-jre-slim: failed to resolve source metadata for docker.io/library/openjdk:11-jre-slim: docker.io/library/openjdk:11-jre-slim: not found
2026-01-14 21:52:01,916 - ERROR - ✗ All builds failed for o-ran-sc/nonrtric-plt-helmmanager
2026-01-14 21:52:01,916 - INFO - Summary: 0 successful, 1 failed out of 1 total
