2026-01-14 21:43:34,045 - INFO - Cloning repository: o-ran-sc/ric-plt-tracelibgo
2026-01-14 21:43:34,726 - INFO - Found 1 Dockerfile(s)
2026-01-14 21:43:34,727 - INFO - Building Dockerfile...
2026-01-14 21:43:41,183 - ERROR - ✗ Build failed: Dockerfile
2026-01-14 21:43:41,183 - ERROR - Error: #0 building with "default" instance using docker driver

#1 [internal] load build definition from Dockerfile
#1 transferring dockerfile: 1.02kB done
#1 DONE 0.1s

#2 [internal] load metadata for docker.io/library/golang:1.12
#2 DONE 0.2s

#3 [internal] load .dockerignore
#3 transferring context: 2B done
#3 DONE 0.0s

#4 [1/4] FROM docker.io/library/golang:1.12@sha256:d0e79a9c39cdb3d71cc45fec929d1308d50420b79201467ec602b1b80cc314a8
#4 DONE 0.0s

#5 [internal] load build context
#5 transferring context: 1.90kB done
#5 DONE 0.0s

#6 [2/4] RUN mkdir -p /go/src/tracelibgo
#6 CACHED

#7 [3/4] COPY . /go/src/tracelibgo
#7 CACHED

#8 [4/4] RUN cd /go/src/tracelibgo && ci/ci_test.sh
#8 0.440 /bin/sh: 1: ci/ci_test.sh: not found
#8 ERROR: process "/bin/sh -c cd $GOPATH/src/tracelibgo && ci/ci_test.sh" did not complete successfully: exit code: 127
------
 > [4/4] RUN cd /go/src/tracelibgo && ci/ci_test.sh:
0.440 /bin/sh: 1: ci/ci_test.sh: not found
------
Dockerfile:28
--------------------
  26 |
2026-01-14 21:43:41,183 - ERROR - ✗ All builds failed for o-ran-sc/ric-plt-tracelibgo
2026-01-14 21:43:41,184 - INFO - Summary: 0 successful, 1 failed out of 1 total
