2026-01-14 21:44:10,758 - INFO - Cloning repository: o-ran-sc/pti-o2
2026-01-14 21:44:11,464 - INFO - Found 3 Dockerfile(s)
2026-01-14 21:44:11,464 - INFO - Building Dockerfile...
2026-01-14 21:44:12,518 - INFO - ✓ Build successful: Dockerfile
2026-01-14 21:44:12,518 - INFO - Building Dockerfile.localtest...
2026-01-14 21:44:13,597 - ERROR - ✗ Build failed: Dockerfile.localtest
2026-01-14 21:44:13,597 - ERROR - Error: #0 building with "default" instance using docker driver

#1 [internal] load build definition from Dockerfile.localtest
#1 transferring dockerfile: 4.23kB done
#1 DONE 0.0s

#2 [internal] load metadata for nexus3.onap.org:10001/onap/integration-python:12.0.0
#2 DONE 0.0s

#3 [internal] load .dockerignore
#3 transferring context: 2B done
#3 DONE 0.0s

#4 [ 1/22] FROM nexus3.onap.org:10001/onap/integration-python:12.0.0@sha256:2fbc724432f17e5b8529d0663535972c6dd22e2946e83630c3a3748bcd1a6e1c
#4 CACHED

#5 [internal] load build context
#5 transferring context: 134.38kB 0.0s done
#5 DONE 0.0s

#6 [ 3/22] COPY requirements.txt requirements-test.txt requirements-stx.txt constraints.txt /tmp/
#6 CACHED

#7 [ 4/22] RUN mkdir -p /cgtsclient && mkdir -p /distcloud-client
#7 CACHED

#8 [ 7/22] COPY temp/fault /faultclient/
#8 ERROR: failed to calculate checksum of ref db9b553a-9819-4726-a7bb-a7b05c7defbe::aeexgtlkn7xlk5muc5d1afuyy: "/temp/fault": not found

#9 [ 5/22] COPY temp/config /cgtsclient/

2026-01-14 21:44:13,598 - INFO - Building Dockerfile...
2026-01-14 21:44:15,320 - ERROR - ✗ Build failed: Dockerfile
2026-01-14 21:44:15,320 - ERROR - Error: #0 building with "default" instance using docker driver

#1 [internal] load build definition from Dockerfile
#1 transferring dockerfile: 484B done
#1 DONE 0.0s

#2 [internal] load metadata for docker.io/library/python:3.10-slim-buster
#2 DONE 0.1s

#3 [internal] load .dockerignore
#3 transferring context: 2B done
#3 DONE 0.0s

#4 [ 1/10] FROM docker.io/library/python:3.10-slim-buster@sha256:37aa274c2d001f09b14828450d903c55f821c90f225fdfdd80c5180fcca77b3f
#4 CACHED

#5 [internal] load build context
#5 transferring context: 10.43kB done
#5 DONE 0.0s

#6 [ 2/10] RUN apt-get update; apt-get install -y git gcc
#6 0.531 Ign:1 http://deb.debian.org/debian buster InRelease
#6 0.548 Ign:2 http://deb.debian.org/debian-security buster/updates InRelease
#6 0.569 Ign:3 http://deb.debian.org/debian buster-updates InRelease
#6 0.586 Err:4 http://deb.debian.org/debian buster Release
#6 0.586   404  Not Found [IP: 146.75.38.132 80]
#6 0.603 Err:5 http://deb.debian.org/debian-security buster/updates Rel
2026-01-14 21:44:15,320 - WARNING - ⚠ Partial success: 1 successful, 2 failed
2026-01-14 21:44:15,320 - INFO - Summary: 1 successful, 2 failed out of 3 total
