2026-01-14 20:54:04,697 - INFO - Cloning repository: o-ran-sc/ric-plt-appmgr
2026-01-14 20:54:05,048 - INFO - Found 7 Dockerfile(s)
2026-01-14 20:54:05,048 - INFO - Building Dockerfile...
2026-01-14 20:54:45,085 - INFO - ✓ Build successful: Dockerfile
2026-01-14 20:54:45,085 - INFO - Building Dockerfile...
2026-01-14 20:54:47,588 - ERROR - ✗ Build failed: Dockerfile
2026-01-14 20:54:47,588 - ERROR - Error: #0 building with "default" instance using docker driver

#1 [internal] load build definition from Dockerfile
#1 transferring dockerfile: 1.32kB done
#1 DONE 0.0s

#2 [internal] load metadata for docker.io/library/python:3.7-alpine
#2 DONE 0.3s

#3 [internal] load .dockerignore
#3 transferring context: 2B done
#3 DONE 0.0s

#4 [1/3] FROM docker.io/library/python:3.7-alpine@sha256:f3d31c8677d03f0b3c724446077f229a6ce9d3ac430f5c08cd7dff00292048c3
#4 CACHED

#5 [2/3] RUN apk update && apk add   autoconf   automake   build-base   cmake   libtool   ninja   pkgconfig   python-dev   sudo   git   go
#5 0.322 fetch https://dl-cdn.alpinelinux.org/alpine/v3.18/main/x86_64/APKINDEX.tar.gz
#5 0.627 fetch https://dl-cdn.alpinelinux.org/alpine/v3.18/community/x86_64/APKINDEX.tar.gz
#5 1.069 v3.18.12-143-gef09cc17ad9 [https://dl-cdn.alpinelinux.org/alpine/v3.18/main]
#5 1.069 v3.18.12-132-ge2ea6f61358 [https://dl-cdn.alpinelinux.org/alpine/v3.18/community]
#5 1.069 OK: 20086 distinct packages available

2026-01-14 20:54:47,589 - INFO - Building Dockerfile...
2026-01-14 20:54:48,174 - INFO - ✓ Build successful: Dockerfile
2026-01-14 20:54:48,174 - INFO - Building Dockerfile...
2026-01-14 20:55:12,597 - ERROR - ✗ Build failed: Dockerfile
2026-01-14 20:55:12,597 - ERROR - Error: #0 building with "default" instance using docker driver

#1 [internal] load build definition from Dockerfile
#1 transferring dockerfile: 3.31kB done
#1 DONE 0.0s

#2 [internal] load metadata for nexus3.o-ran-sc.org:10001/ubuntu:18.04
#2 DONE 0.6s

#3 [internal] load .dockerignore
#3 transferring context: 2B done
#3 DONE 0.0s

#4 [ 1/12] FROM nexus3.o-ran-sc.org:10001/ubuntu:18.04@sha256:152dc042452c496007f07ca9127571cb9c29697f42acbfad72324b2bb2e43c98
#4 resolve nexus3.o-ran-sc.org:10001/ubuntu:18.04@sha256:152dc042452c496007f07ca9127571cb9c29697f42acbfad72324b2bb2e43c98 0.0s done
#4 DONE 0.0s

#5 [ 6/12] RUN wget -nv https://dl.google.com/go/go1.13.12.linux-amd64.tar.gz     && tar -xf go1.13.12.linux-amd64.tar.gz     && mv go /opt/go/1.13     && rm -f go*.gz
#5 CACHED

#6 [ 3/12] WORKDIR /tmp
#6 CACHED

#7 [ 2/12] RUN apt-get update && apt-get install -y     alien     autoconf     autoconf-archive     automake     autotools-dev     build-essential     cmake     g++      gcc     git    
2026-01-14 20:55:12,597 - INFO - Building Dockerfile...
2026-01-14 20:55:13,605 - INFO - ✓ Build successful: Dockerfile
2026-01-14 20:55:13,605 - INFO - Building Dockerfile...
2026-01-14 20:55:14,513 - INFO - ✓ Build successful: Dockerfile
2026-01-14 20:55:14,513 - INFO - Building Dockerfile...
2026-01-14 20:55:15,286 - ERROR - ✗ Build failed: Dockerfile
2026-01-14 20:55:15,286 - ERROR - Error: #0 building with "default" instance using docker driver

#1 [internal] load build definition from Dockerfile
#1 transferring dockerfile: 1.72kB done
#1 DONE 0.0s

#2 [internal] load metadata for docker.io/library/python:3.7-alpine
#2 DONE 0.1s

#3 [internal] load .dockerignore
#3 transferring context: 2B done
#3 DONE 0.0s

#4 [1/4] FROM docker.io/library/python:3.7-alpine@sha256:f3d31c8677d03f0b3c724446077f229a6ce9d3ac430f5c08cd7dff00292048c3
#4 CACHED

#5 [internal] load build context
#5 transferring context: 2B done
#5 DONE 0.0s

#6 [2/4] ADD ./xapp_onboarder /opt/xapp_onboarder
#6 ERROR: failed to calculate checksum of ref db9b553a-9819-4726-a7bb-a7b05c7defbe::n3afsxz22isk54m9syt1dh7q2: "/xapp_onboarder": not found
------
 > [2/4] ADD ./xapp_onboarder /opt/xapp_onboarder:
------
Dockerfile:19
--------------------
  17 |     FROM python:3.7-alpine
  18 |     
  19 | >>> ADD ./xapp_onboarder /opt/xapp_onboarder
  20 |     
  21 |     RUN cd /opt/xapp_onboarder && pip3 install . && rm 
2026-01-14 20:55:15,286 - WARNING - ⚠ Partial success: 4 successful, 3 failed
2026-01-14 20:55:15,286 - INFO - Summary: 4 successful, 3 failed out of 7 total
