2026-01-14 19:06:49,448 - INFO - Cloning repository: o-ran-sc/archived-ric-plt-resource-status-processor
2026-01-14 19:06:50,162 - INFO - Found 1 Dockerfile(s)
2026-01-14 19:06:50,162 - INFO - Building Dockerfile...
2026-01-14 19:06:51,424 - ERROR - ✗ Build failed: Dockerfile
2026-01-14 19:06:51,425 - ERROR - Error: #0 building with "default" instance using docker driver

#1 [internal] load build definition from Dockerfile
#1 transferring dockerfile: 2.75kB done
#1 DONE 0.1s

#2 [internal] load metadata for docker.io/library/ubuntu:16.04
#2 ...

#3 [internal] load metadata for nexus3.o-ran-sc.org:10004/bldr-ubuntu16-c-go:2-u16.04-nng
#3 ERROR: nexus3.o-ran-sc.org:10004/bldr-ubuntu16-c-go:2-u16.04-nng: not found

#2 [internal] load metadata for docker.io/library/ubuntu:16.04
#2 CANCELED
------
 > [internal] load metadata for nexus3.o-ran-sc.org:10004/bldr-ubuntu16-c-go:2-u16.04-nng:
------

 [33m1 warning found (use docker --debug to expand):
[0m - FromAsCasing: 'as' and 'FROM' keywords' casing do not match (line 19)
Dockerfile:19
--------------------
  17 |     ##############################################################################
  18 |     
  19 | >>> FROM nexus3.o-ran-sc.org:10004/bldr-ubuntu16-c-go:2-u16.04-nng as ubuntu
  20 |     
  21 |     WORKDIR /opt/RSP
--------------------
ER
2026-01-14 19:06:51,425 - ERROR - ✗ All builds failed for o-ran-sc/archived-ric-plt-resource-status-processor
2026-01-14 19:06:51,425 - INFO - Summary: 0 successful, 1 failed out of 1 total
