2026-01-14 20:13:17,784 - INFO - Cloning repository: o-ran-sc/it-dep
2026-01-14 20:13:18,574 - INFO - Found 5 Dockerfile(s)
2026-01-14 20:13:18,574 - INFO - Building Dockerfile...
2026-01-14 20:13:19,373 - INFO - ✓ Build successful: Dockerfile
2026-01-14 20:13:19,373 - INFO - Building Dockerfile-smo-install...
2026-01-14 20:13:20,805 - ERROR - ✗ Build failed: Dockerfile-smo-install
2026-01-14 20:13:20,805 - ERROR - Error: #0 building with "default" instance using docker driver

#1 [internal] load build definition from Dockerfile-smo-install
#1 transferring dockerfile: 1.50kB done
#1 DONE 0.0s

#2 [internal] load metadata for docker.io/library/ubuntu:18.04
#2 DONE 0.0s

#3 [internal] load .dockerignore
#3 transferring context: 2B done
#3 DONE 0.0s

#4 [1/6] FROM docker.io/library/ubuntu:18.04
#4 DONE 0.0s

#5 [internal] load build context
#5 transferring context: 15.55kB done
#5 DONE 0.0s

#6 [2/6] RUN apt-get update && apt-get -y install ca-certificates wget
#6 CACHED

#7 [4/6] COPY --chown=ubuntu:ubuntu . /tmp/it-dep
#7 CACHED

#8 [3/6] RUN groupadd --gid 1000 ubuntu     && useradd --uid 1000 --gid 1000 -m ubuntu     && apt-get install -y sudo     && echo ubuntu ALL=(root) NOPASSWD:ALL > /etc/sudoers.d/ubuntu     && chmod 0440 /etc/sudoers.d/ubuntu
#8 CACHED

#9 [5/6] RUN ls -latr /tmp/it-dep
#9 CACHED

#10 [6/6] RUN /tmp/it-dep/bin/verify-smo-install
#10 0.316 /bin/sh: 1: /tmp/it-dep/bin/verify-smo-in
2026-01-14 20:13:20,805 - INFO - Building Dockerfile-package...
2026-01-14 20:13:23,514 - ERROR - ✗ Build failed: Dockerfile-package
2026-01-14 20:13:23,514 - ERROR - Error: #0 building with "default" instance using docker driver

#1 [internal] load build definition from Dockerfile-package
#1 transferring dockerfile: 2.31kB done
#1 DONE 0.0s

#2 [internal] load metadata for docker.io/library/buildpack-deps:stretch
#2 DONE 0.4s

#3 [internal] load .dockerignore
#3 transferring context: 2B done
#3 DONE 0.0s

#4 [ 1/10] FROM docker.io/library/buildpack-deps:stretch@sha256:78e995165a5788c2f55aed6e548d8f6c1534830d4310c870408fccb2da8c5b2e
#4 CACHED

#5 [internal] load build context
#5 transferring context: 534B done
#5 DONE 0.0s

#6 [ 2/10] RUN apt-get update && apt-get -q -y install debhelper dpkg-dev build-essential rsync curl
#6 0.409 Ign:1 http://deb.debian.org/debian stretch InRelease
#6 0.424 Ign:2 http://deb.debian.org/debian stretch-updates InRelease
#6 0.444 Ign:3 http://deb.debian.org/debian stretch Release
#6 0.460 Ign:4 http://deb.debian.org/debian stretch-updates Release
#6 0.477 Ign:5 http://deb.debian.org/debian stretch/main amd64 Packages
#6 0.49
2026-01-14 20:13:23,514 - INFO - Building Dockerfile...
2026-01-14 20:13:24,732 - ERROR - ✗ Build failed: Dockerfile
2026-01-14 20:13:24,732 - ERROR - Error: #0 building with "default" instance using docker driver

#1 [internal] load build definition from Dockerfile
#1 transferring dockerfile: 1.33kB done
#1 DONE 0.0s

#2 [internal] load metadata for docker.io/library/ubuntu:18.04
#2 DONE 0.0s

#3 [internal] load .dockerignore
#3 transferring context: 2B done
#3 DONE 0.1s

#4 [1/7] FROM docker.io/library/ubuntu:18.04
#4 DONE 0.0s

#5 [internal] load build context
#5 transferring context: 534B done
#5 DONE 0.1s

#6 [2/7] RUN apt-get update && apt-get -y install curl ca-certificates wget
#6 CACHED

#7 [3/7] RUN wget https://get.helm.sh/helm-v2.17.0-linux-amd64.tar.gz && tar -xvf ../helm-v2.17.0-linux-amd64.tar.gz && mv linux-amd64/helm /usr/local/bin/helm
#7 CACHED

#8 [4/7] RUN helm init -c --skip-repos
#8 CACHED

#9 [5/7] COPY . /tmp/it-dep
#9 CACHED

#10 [6/7] RUN rm -rf /tmp/it-dep/smo-install
#10 CACHED

#11 [7/7] RUN /tmp/it-dep/bin/verify-ric-charts
#11 0.312 /bin/sh: 1: /tmp/it-dep/bin/verify-ric-charts: not found
#11 ERROR: process "
2026-01-14 20:13:24,732 - INFO - Building Dockerfile...
2026-01-14 20:13:25,449 - INFO - ✓ Build successful: Dockerfile
2026-01-14 20:13:25,449 - WARNING - ⚠ Partial success: 2 successful, 3 failed
2026-01-14 20:13:25,450 - INFO - Summary: 2 successful, 3 failed out of 5 total
