2026-01-14 21:55:13,531 - INFO - Cloning repository: o-ran-sc/aiml-fw-aimlfw-dep
2026-01-14 21:55:13,864 - INFO - Found 4 Dockerfile(s)
2026-01-14 21:55:13,864 - INFO - Building Dockerfile...
2026-01-14 21:55:14,478 - INFO - ✓ Build successful: Dockerfile
2026-01-14 21:55:14,478 - INFO - Building Dockerfile...
2026-01-14 21:55:15,019 - INFO - ✓ Build successful: Dockerfile
2026-01-14 21:55:15,019 - INFO - Building Dockerfile.pipeline...
2026-01-14 21:55:15,649 - INFO - ✓ Build successful: Dockerfile.pipeline
2026-01-14 21:55:15,649 - INFO - Building Dockerfile.leofs...
2026-01-14 21:55:16,830 - ERROR - ✗ Build failed: Dockerfile.leofs
2026-01-14 21:55:16,831 - ERROR - Error: #0 building with "default" instance using docker driver

#1 [internal] load build definition from Dockerfile.leofs
#1 transferring dockerfile: 1.31kB done
#1 DONE 0.0s

#2 [internal] load metadata for docker.io/library/ubuntu:18.04
#2 DONE 0.0s

#3 [internal] load .dockerignore
#3 transferring context: 2B done
#3 DONE 0.0s

#4 [1/8] FROM docker.io/library/ubuntu:18.04
#4 DONE 0.0s

#5 [2/8] WORKDIR /root/deb/
#5 CACHED

#6 [internal] load build context
#6 transferring context: 2B done
#6 DONE 0.0s

#7 [4/8] RUN apt-get -y install systemd
#7 CACHED

#8 [5/8] RUN apt-get install -y lsb-release
#8 CACHED

#9 [7/8] RUN wget https://github.com/leo-project/leofs/releases/download/1.4.3/leofs_1.4.3-1_ubuntu-18.04_amd64.deb
#9 CACHED

#10 [6/8] RUN apt-get install -y netcat-openbsd
#10 CACHED

#11 [8/8] COPY tools/leofs/bin/leofs_start.sh leofs_start.sh
#11 ERROR: failed to calculate checksum of ref db9b553a-9819-4726-a7bb-a7b05c7defbe::c2vjj0ftshldcif1ur55si7a8: "/tools/leofs/bin/leofs_start.
2026-01-14 21:55:16,831 - WARNING - ⚠ Partial success: 3 successful, 1 failed
2026-01-14 21:55:16,831 - INFO - Summary: 3 successful, 1 failed out of 4 total
