2026-01-14 20:39:42,933 - INFO - Cloning repository: o-ran-sc/nonrtric-plt-dmaapadapter
2026-01-14 20:39:43,761 - INFO - Found 1 Dockerfile(s)
2026-01-14 20:39:43,761 - INFO - Building Dockerfile...
2026-01-14 20:39:47,359 - ERROR - ✗ Build failed: Dockerfile
2026-01-14 20:39:47,359 - ERROR - Error: #0 building with "default" instance using docker driver

#1 [internal] load build definition from Dockerfile
#1 transferring dockerfile:
#1 transferring dockerfile: 2.56kB done
#1 DONE 0.2s

#2 [internal] load metadata for nexus3.o-ran-sc.org:10001/debian:11-slim
#2 ...

#3 [internal] load metadata for nexus3.o-ran-sc.org:10001/amazoncorretto:17.0.17
#3 DONE 0.8s

#2 [internal] load metadata for nexus3.o-ran-sc.org:10001/debian:11-slim
#2 DONE 0.8s

#4 [internal] load .dockerignore
#4 transferring context:
#4 transferring context: 2B done
#4 DONE 0.3s

#5 [jre-build 1/3] FROM nexus3.o-ran-sc.org:10001/amazoncorretto:17.0.17@sha256:eba8935ced38cb0edcc6fd2c4e72f8ef83b23fa88fd2bcdefe52e79a8d7ab705
#5 DONE 0.0s

#6 [stage-1  1/15] FROM nexus3.o-ran-sc.org:10001/debian:11-slim@sha256:b32674fb57780ad57d7b0749242d3f585f462f4ec4a60ae0adacd945f9cb9734
#6 resolve nexus3.o-ran-sc.org:10001/debian:11-slim@sha256:b32674fb57780ad57d7b0749242d3f585f462f4ec4a60ae0adacd945f9cb9734
#6 ...

#7 [internal]
2026-01-14 20:39:47,359 - ERROR - ✗ All builds failed for o-ran-sc/nonrtric-plt-dmaapadapter
2026-01-14 20:39:47,359 - INFO - Summary: 0 successful, 1 failed out of 1 total
