2026-01-14 21:52:25,492 - INFO - Cloning repository: o-ran-sc/ric-plt-xapp-frame-rust
2026-01-14 21:52:25,979 - INFO - Found 1 Dockerfile(s)
2026-01-14 21:52:25,980 - INFO - Building Dockerfile...
2026-01-14 21:52:27,585 - ERROR - ✗ Build failed: Dockerfile
2026-01-14 21:52:27,585 - ERROR - Error: #0 building with "default" instance using docker driver

#1 [internal] load build definition from Dockerfile
#1 transferring dockerfile: 1.35kB done
#1 WARN: FromAsCasing: 'as' and 'FROM' keywords' casing do not match (line 1)
#1 WARN: FromAsCasing: 'as' and 'FROM' keywords' casing do not match (line 23)
#1 DONE 0.0s

#2 [internal] load metadata for docker.io/library/rust:1-bullseye
#2 DONE 0.3s

#3 [internal] load .dockerignore
#3 transferring context: 2B done
#3 DONE 0.0s

#4 [xapp-base 1/5] FROM docker.io/library/rust:1-bullseye@sha256:c6d501c039204c21e9fa374f234bd41bdc8b36cfd455a407ef145d9bef19f2b7
#4 DONE 0.0s

#5 [internal] load build context
#5 transferring context: 1.35kB done
#5 DONE 0.0s

#6 [xapp-base 2/5] RUN apt-get update && apt-get install -y libclang-dev protobuf-compiler redis-server
#6 CACHED

#7 [xapp-base 3/5] RUN wget --content-disposition https://packagecloud.io/o-ran-sc/release/packages/debian/stretch/rmr_4.9.4_amd64.deb/download.deb && dpkg -i rmr_4.9.4_amd64.de
2026-01-14 21:52:27,585 - ERROR - ✗ All builds failed for o-ran-sc/ric-plt-xapp-frame-rust
2026-01-14 21:52:27,585 - INFO - Summary: 0 successful, 1 failed out of 1 total
