2026-01-14 21:28:35,280 - INFO - Cloning repository: o-ran-sc/ric-app-lp
2026-01-14 21:28:35,715 - INFO - Found 2 Dockerfile(s)
2026-01-14 21:28:35,715 - INFO - Building Dockerfile...
2026-01-14 21:28:51,831 - ERROR - ✗ Build failed: Dockerfile
2026-01-14 21:28:51,831 - ERROR - Error: #0 building with "default" instance using docker driver

#1 [internal] load build definition from Dockerfile
#1 transferring dockerfile: 1.61kB done
#1 DONE 0.0s

#2 [internal] load metadata for nexus3.o-ran-sc.org:10002/o-ran-sc/bldr-alpine3-rmr:4.0.5
#2 DONE 0.3s

#3 [internal] load metadata for docker.io/frolvlad/alpine-miniconda3:latest
#3 DONE 0.4s

#4 [internal] load .dockerignore
#4 transferring context: 2B done
#4 DONE 0.0s

#5 [stage-0 1/9] FROM docker.io/frolvlad/alpine-miniconda3:latest@sha256:3bba6c34833619e7f74372a2d79952c4a9f4fc217f336230662073960e8bbe29
#5 DONE 0.0s

#6 FROM nexus3.o-ran-sc.org:10002/o-ran-sc/bldr-alpine3-rmr:4.0.5@sha256:eb906735a7969bf0e341ba30c5087c84c393e283ae666edde423bb8f8ca0b24e
#6 DONE 0.0s

#7 [internal] load build context
#7 transferring context: 5.04MB 0.1s done
#7 DONE 0.1s

#8 [stage-0 7/9] COPY LICENSE.txt /tmp/
#8 CACHED

#9 [stage-0 4/9] COPY --from=nexus3.o-ran-sc.org:10002/o-ran-sc/bldr-alpine3-rmr:4.0.5 /usr/local/bin/rmr* /usr/local/b
2026-01-14 21:28:51,831 - INFO - Building Dockerfile-Unit-Test...
2026-01-14 21:29:10,007 - ERROR - ✗ Build failed: Dockerfile-Unit-Test
2026-01-14 21:29:10,007 - ERROR - Error: #0 building with "default" instance using docker driver

#1 [internal] load build definition from Dockerfile-Unit-Test
#1 transferring dockerfile: 1.48kB done
#1 DONE 0.0s

#2 [internal] load metadata for nexus3.o-ran-sc.org:10002/o-ran-sc/bldr-alpine3-rmr:4.0.5
#2 DONE 0.1s

#3 [internal] load metadata for docker.io/frolvlad/alpine-miniconda3:latest
#3 DONE 0.1s

#4 [internal] load .dockerignore
#4 transferring context: 2B done
#4 DONE 0.0s

#5 [stage-0 1/8] FROM docker.io/frolvlad/alpine-miniconda3:latest@sha256:3bba6c34833619e7f74372a2d79952c4a9f4fc217f336230662073960e8bbe29
#5 DONE 0.0s

#6 FROM nexus3.o-ran-sc.org:10002/o-ran-sc/bldr-alpine3-rmr:4.0.5@sha256:eb906735a7969bf0e341ba30c5087c84c393e283ae666edde423bb8f8ca0b24e
#6 DONE 0.0s

#7 [internal] load build context
#7 transferring context: 14.91kB done
#7 DONE 0.0s

#8 [stage-0 4/8] COPY setup.py tox.ini LICENSE.txt /tmp/
#8 CACHED

#9 [stage-0 6/8] COPY tests/ /tmp/tests
#9 CACHED

#10 [stage-0 3/8] COPY --from=nexus3.o-ran-sc
2026-01-14 21:29:10,007 - ERROR - ✗ All builds failed for o-ran-sc/ric-app-lp
2026-01-14 21:29:10,007 - INFO - Summary: 0 successful, 2 failed out of 2 total
