2026-01-14 21:56:18,878 - INFO - Cloning repository: o-ran-sc/nonrtric-plt-rappmanager
2026-01-14 21:56:20,077 - INFO - Found 4 Dockerfile(s)
2026-01-14 21:56:20,077 - INFO - Building Dockerfile...
2026-01-14 21:56:27,767 - ERROR - ✗ Build failed: Dockerfile
2026-01-14 21:56:27,767 - ERROR - Error: #0 building with "default" instance using docker driver

#1 [internal] load build definition from Dockerfile
#1 transferring dockerfile:
#1 transferring dockerfile: 1.87kB done
#1 DONE 0.8s

#2 [internal] load metadata for nexus3.o-ran-sc.org:10001/debian:11-slim
#2 DONE 0.9s

#3 [internal] load metadata for nexus3.o-ran-sc.org:10001/amazoncorretto:17.0.17
#3 DONE 0.9s

#4 [internal] load .dockerignore
#4 transferring context:
#4 transferring context: 2B done
#4 DONE 0.1s

#5 [internal] load build context
#5 DONE 0.0s

#6 [jre-build 1/3] FROM nexus3.o-ran-sc.org:10001/amazoncorretto:17.0.17@sha256:eba8935ced38cb0edcc6fd2c4e72f8ef83b23fa88fd2bcdefe52e79a8d7ab705
#6 DONE 0.0s

#7 [stage-1 1/7] FROM nexus3.o-ran-sc.org:10001/debian:11-slim@sha256:b32674fb57780ad57d7b0749242d3f585f462f4ec4a60ae0adacd945f9cb9734
#7 resolve nexus3.o-ran-sc.org:10001/debian:11-slim@sha256:b32674fb57780ad57d7b0749242d3f585f462f4ec4a60ae0adacd945f9cb9734 0.1s done
#7 ...

#6 [jre-build 1/3] FROM nexus3.o-ran-sc
2026-01-14 21:56:27,767 - INFO - Building Dockerfile...
2026-01-14 21:56:32,258 - ERROR - ✗ Build failed: Dockerfile
2026-01-14 21:56:32,258 - ERROR - Error: #0 building with "default" instance using docker driver

#1 [internal] load build definition from Dockerfile
#1 transferring dockerfile: 1.91kB done
#1 DONE 0.1s

#2 [internal] load metadata for nexus3.o-ran-sc.org:10001/amazoncorretto:17.0.17
#2 ...

#3 [internal] load metadata for nexus3.o-ran-sc.org:10001/debian:11-slim
#3 DONE 0.3s

#2 [internal] load metadata for nexus3.o-ran-sc.org:10001/amazoncorretto:17.0.17
#2 DONE 0.4s

#4 [internal] load .dockerignore
#4 transferring context: 2B done
#4 DONE 0.1s

#5 [internal] load build context
#5 DONE 0.0s

#6 [jre-build 1/3] FROM nexus3.o-ran-sc.org:10001/amazoncorretto:17.0.17@sha256:eba8935ced38cb0edcc6fd2c4e72f8ef83b23fa88fd2bcdefe52e79a8d7ab705
#6 DONE 0.0s

#7 [stage-1 1/7] FROM nexus3.o-ran-sc.org:10001/debian:11-slim@sha256:b32674fb57780ad57d7b0749242d3f585f462f4ec4a60ae0adacd945f9cb9734
#7 resolve nexus3.o-ran-sc.org:10001/debian:11-slim@sha256:b32674fb57780ad57d7b0749242d3f585f462f4ec4a60ae0adacd945f9cb9734 0.1s done
#7 ...

#6 
2026-01-14 21:56:32,259 - INFO - Building Dockerfile...
2026-01-14 21:56:34,186 - INFO - ✓ Build successful: Dockerfile
2026-01-14 21:56:34,186 - INFO - Building Dockerfile...
2026-01-14 21:56:36,201 - INFO - ✓ Build successful: Dockerfile
2026-01-14 21:56:36,201 - WARNING - ⚠ Partial success: 2 successful, 2 failed
2026-01-14 21:56:36,201 - INFO - Summary: 2 successful, 2 failed out of 4 total
