2026-01-14 19:26:15,304 - INFO - Cloning repository: o-ran-sc/com-golog
2026-01-14 19:26:16,454 - INFO - Found 1 Dockerfile(s)
2026-01-14 19:26:16,454 - INFO - Building Dockerfile...
2026-01-14 19:27:31,671 - ERROR - ✗ Build failed: Dockerfile
2026-01-14 19:27:31,671 - ERROR - Error: #0 building with "default" instance using docker driver

#1 [internal] load build definition from Dockerfile
#1 transferring dockerfile:
#1 transferring dockerfile: 867B done
#1 DONE 1.0s

#2 [internal] load metadata for docker.io/library/golang:1.18
#2 DONE 1.2s

#3 [internal] load .dockerignore
#3 transferring context:
#3 transferring context: 2B done
#3 DONE 0.2s

#4 [internal] load build context
#4 DONE 0.0s

#5 [1/4] FROM docker.io/library/golang:1.18@sha256:50c889275d26f816b5314fc99f55425fa76b18fcaf16af255f5d57f09e1f48da
#5 resolve docker.io/library/golang:1.18@sha256:50c889275d26f816b5314fc99f55425fa76b18fcaf16af255f5d57f09e1f48da
#5 resolve docker.io/library/golang:1.18@sha256:50c889275d26f816b5314fc99f55425fa76b18fcaf16af255f5d57f09e1f48da 1.1s done
#5 sha256:50c889275d26f816b5314fc99f55425fa76b18fcaf16af255f5d57f09e1f48da 2.36kB / 2.36kB done
#5 sha256:740324e52de766f230ad7113fac9028399d6e03af34883de625dc2230ef7927e 1.80kB / 1.80kB done
#5 sha256:c37a56a6d65476eabfb50e74421f1
2026-01-14 19:27:31,671 - ERROR - ✗ All builds failed for o-ran-sc/com-golog
2026-01-14 19:27:31,671 - INFO - Summary: 0 successful, 1 failed out of 1 total
