2026-01-14 19:48:16,432 - INFO - Cloning repository: o-ran-sc/ric-plt-xapp-frame-py
2026-01-14 19:48:16,863 - INFO - Found 4 Dockerfile(s)
2026-01-14 19:48:16,863 - INFO - Building Dockerfile-Unit-Test...
2026-01-14 19:49:25,928 - ERROR - ✗ Build failed: Dockerfile-Unit-Test
2026-01-14 19:49:25,928 - ERROR - Error: #0 building with "default" instance using docker driver

#1 [internal] load build definition from Dockerfile-Unit-Test
#1 transferring dockerfile: 3.10kB done
#1 DONE 0.1s

#2 [internal] load metadata for docker.io/library/python:3.8-slim
#2 DONE 1.3s

#3 [internal] load .dockerignore
#3 transferring context:
#3 transferring context: 2B 0.0s done
#3 DONE 0.6s

#4 [internal] load build context
#4 DONE 0.0s

#5 [stretch  1/11] FROM docker.io/library/python:3.8-slim@sha256:1d52838af602b4b5a831beb13a0e4d073280665ea7be7f69ce2382f29c5a613f
#5 resolve docker.io/library/python:3.8-slim@sha256:1d52838af602b4b5a831beb13a0e4d073280665ea7be7f69ce2382f29c5a613f
#5 resolve docker.io/library/python:3.8-slim@sha256:1d52838af602b4b5a831beb13a0e4d073280665ea7be7f69ce2382f29c5a613f 0.2s done
#5 sha256:1d52838af602b4b5a831beb13a0e4d073280665ea7be7f69ce2382f29c5a613f 10.41kB / 10.41kB done
#5 sha256:314bc2fb0714b7807bf5699c98f0c73817e579799f2d91567ab7e9510f5601a5 1.75kB / 1.75kB done
#5 sha256:b5f62925bd0f
2026-01-14 19:49:25,928 - INFO - Building Dockerfile-Ping...
2026-01-14 19:49:50,005 - INFO - ✓ Build successful: Dockerfile-Ping
2026-01-14 19:49:50,005 - INFO - Building Dockerfile-Pong...
2026-01-14 19:49:51,312 - INFO - ✓ Build successful: Dockerfile-Pong
2026-01-14 19:49:51,312 - INFO - Building Dockerfile-Xapp...
2026-01-14 19:49:52,537 - ERROR - ✗ Build failed: Dockerfile-Xapp
2026-01-14 19:49:52,537 - ERROR - Error: #0 building with "default" instance using docker driver

#1 [internal] load build definition from Dockerfile-Xapp
#1 transferring dockerfile: 2.37kB done
#1 WARN: FromAsCasing: 'as' and 'FROM' keywords' casing do not match (line 1)
#1 DONE 0.0s

#2 [internal] load metadata for docker.io/library/python:3.8-slim
#2 DONE 0.1s

#3 [internal] load .dockerignore
#3 transferring context: 2B done
#3 DONE 0.0s

#4 [stretch  1/11] FROM docker.io/library/python:3.8-slim@sha256:1d52838af602b4b5a831beb13a0e4d073280665ea7be7f69ce2382f29c5a613f
#4 CACHED

#5 [internal] load build context
#5 transferring context: 2B done
#5 DONE 0.0s

#6 [stage-1  8/14] RUN mkdir -p /opt/nokia/ric/xapp-test/ricxappframe && chmod -R 755 /opt/nokia/ric/xapp-test/ricxappframe
#6 CACHED

#7 [stage-1  4/14] RUN chmod -R 755 /usr/local/lib/librmr_si.so
#7 CACHED

#8 [stretch 10/11] RUN dpkg -i riclibe2ap-dev_1.1.0_amd64.deb
#8 CACHED

#9 [stage-1  9/14] RUN mkdir -p /opt/ric/config && chmod -R 755 /opt/ric/config
#9 CACHED

2026-01-14 19:49:52,537 - WARNING - ⚠ Partial success: 2 successful, 2 failed
2026-01-14 19:49:52,537 - INFO - Summary: 2 successful, 2 failed out of 4 total
