2026-01-14 20:52:42,318 - INFO - Cloning repository: o-ran-sc/ric-plt-xapp-frame-py
2026-01-14 20:52:42,758 - INFO - Found 4 Dockerfile(s)
2026-01-14 20:52:42,758 - INFO - Building Dockerfile-Unit-Test...
2026-01-14 20:52:44,588 - ERROR - ✗ Build failed: Dockerfile-Unit-Test
2026-01-14 20:52:44,589 - ERROR - Error: #0 building with "default" instance using docker driver

#1 [internal] load build definition from Dockerfile-Unit-Test
#1 transferring dockerfile: 3.10kB done
#1 WARN: FromAsCasing: 'as' and 'FROM' keywords' casing do not match (line 17)
#1 DONE 0.0s

#2 [internal] load metadata for docker.io/library/python:3.8-slim
#2 DONE 0.2s

#3 [internal] load .dockerignore
#3 transferring context: 2B done
#3 DONE 0.0s

#4 [stretch  1/11] FROM docker.io/library/python:3.8-slim@sha256:1d52838af602b4b5a831beb13a0e4d073280665ea7be7f69ce2382f29c5a613f
#4 DONE 0.0s

#5 [internal] load build context
#5 transferring context: 719.40kB 0.0s done
#5 DONE 0.0s

#6 [stretch  8/11] RUN dpkg -i rmr-dev_4.9.4_amd64.deb
#6 CACHED

#7 [stretch  9/11] RUN dpkg -i riclibe2ap_1.1.0_amd64.deb
#7 CACHED

#8 [stage-1 5/9] COPY ricxappframe/ /tmp/ricxappframe
#8 CACHED

#9 [stage-1 2/9] COPY --from=stretch /usr/local/lib/librmr_si.so.4.9.4 /usr/local/lib/librmr_si.so
#9 CACHED

#10 [stretch 10/11] RUN dpkg -i riclibe2ap-
2026-01-14 20:52:44,589 - INFO - Building Dockerfile-Ping...
2026-01-14 20:52:45,180 - INFO - ✓ Build successful: Dockerfile-Ping
2026-01-14 20:52:45,180 - INFO - Building Dockerfile-Pong...
2026-01-14 20:52:45,758 - INFO - ✓ Build successful: Dockerfile-Pong
2026-01-14 20:52:45,758 - INFO - Building Dockerfile-Xapp...
2026-01-14 20:52:46,623 - ERROR - ✗ Build failed: Dockerfile-Xapp
2026-01-14 20:52:46,623 - ERROR - Error: #0 building with "default" instance using docker driver

#1 [internal] load build definition from Dockerfile-Xapp
#1 transferring dockerfile: 2.37kB done
#1 WARN: FromAsCasing: 'as' and 'FROM' keywords' casing do not match (line 1)
#1 DONE 0.0s

#2 [internal] load metadata for docker.io/library/python:3.8-slim
#2 DONE 0.1s

#3 [internal] load .dockerignore
#3 transferring context: 2B done
#3 DONE 0.0s

#4 [stretch  1/11] FROM docker.io/library/python:3.8-slim@sha256:1d52838af602b4b5a831beb13a0e4d073280665ea7be7f69ce2382f29c5a613f
#4 CACHED

#5 [internal] load build context
#5 transferring context: 2B done
#5 DONE 0.0s

#6 [stretch  9/11] RUN dpkg -i riclibe2ap_1.1.0_amd64.deb
#6 CACHED

#7 [stage-1  2/14] COPY --from=stretch /usr/local/lib/librmr_si.so.4.8.0 /usr/local/lib/librmr_si.so
#7 CACHED

#8 [stretch  5/11] RUN wget -nv --content-disposition https://packagecloud.io/o-ran-sc/release/packages/debian/stretch/riclibe2ap_1.1.0_amd64.deb/download.deb
#8 CACHED

#9 [stretch  7/11] RUN
2026-01-14 20:52:46,623 - WARNING - ⚠ Partial success: 2 successful, 2 failed
2026-01-14 20:52:46,623 - INFO - Summary: 2 successful, 2 failed out of 4 total
