2026-01-14 19:16:32,069 - INFO - Cloning repository: o-ran-sc/nonrtric
2026-01-14 19:16:33,108 - INFO - Found 24 Dockerfile(s)
2026-01-14 19:16:33,108 - INFO - Building Dockerfile_rhwi2...
2026-01-14 19:16:34,586 - ERROR - ✗ Build failed: Dockerfile_rhwi2
2026-01-14 19:16:34,586 - ERROR - Error: #0 building with "default" instance using docker driver

#1 [internal] load build definition from Dockerfile_rhwi2
#1 transferring dockerfile: 1.11kB done
#1 DONE 0.0s

#2 [internal] load metadata for docker.io/library/golang:latest
#2 DONE 0.9s

#3 [internal] load .dockerignore
#3 transferring context: 2B done
#3 DONE 0.1s

#4 [internal] load build context
#4 DONE 0.0s

#5 [1/5] FROM docker.io/library/golang:latest@sha256:8bbd14091f2c61916134fa6aeb8f76b18693fcb29a39ec6d8be9242c0a7e9260
#5 resolve docker.io/library/golang:latest@sha256:8bbd14091f2c61916134fa6aeb8f76b18693fcb29a39ec6d8be9242c0a7e9260 0.0s done
#5 sha256:3e08bd36a50979e7b09561e4b804b1f112c9d6509c0a12b15bd7b1b410e8a34a 3.04kB / 3.04kB done
#5 sha256:8bbd14091f2c61916134fa6aeb8f76b18693fcb29a39ec6d8be9242c0a7e9260 9.70kB / 9.70kB done
#5 sha256:22bd1c41c958c762e9633f07a5fee8266300e5f25e18e269a6d87a4b870368aa 2.32kB / 2.32kB done
#5 CANCELED

#4 [internal] load build context
#4 transferring context: 2B done
#4 DONE 0.1s

#6
2026-01-14 19:16:34,587 - INFO - Building Dockerfile_rhwi1...
2026-01-14 19:16:35,279 - ERROR - ✗ Build failed: Dockerfile_rhwi1
2026-01-14 19:16:35,279 - ERROR - Error: #0 building with "default" instance using docker driver

#1 [internal] load build definition from Dockerfile_rhwi1
#1 transferring dockerfile: 1.11kB done
#1 DONE 0.0s

#2 [internal] load metadata for docker.io/library/golang:latest
#2 DONE 0.2s

#3 [internal] load .dockerignore
#3 transferring context: 2B done
#3 DONE 0.0s

#4 [internal] load build context
#4 transferring context: 2B done
#4 DONE 0.0s

#5 [2/5] RUN mkdir /app
#5 CACHED

#6 [3/5] COPY ./rapps-rapp-helloworld-invoker1 /app
#6 ERROR: failed to calculate checksum of ref db9b553a-9819-4726-a7bb-a7b05c7defbe::so2zv3zmzh54024klxlcx1v2m: "/rapps-rapp-helloworld-invoker1": not found

#7 [1/5] FROM docker.io/library/golang:latest@sha256:8bbd14091f2c61916134fa6aeb8f76b18693fcb29a39ec6d8be9242c0a7e9260
#7 resolve docker.io/library/golang:latest@sha256:8bbd14091f2c61916134fa6aeb8f76b18693fcb29a39ec6d8be9242c0a7e9260 0.0s done
#7 sha256:8bbd14091f2c61916134fa6aeb8f76b18693fcb29a39ec6d8be9242c0a7e9260 9.70kB / 9.70kB done
#7 sha256:
2026-01-14 19:16:35,279 - INFO - Building Dockerfile_rhwp...
2026-01-14 19:16:35,967 - ERROR - ✗ Build failed: Dockerfile_rhwp
2026-01-14 19:16:35,967 - ERROR - Error: #0 building with "default" instance using docker driver

#1 [internal] load build definition from Dockerfile_rhwp
#1 transferring dockerfile: 1.11kB done
#1 DONE 0.0s

#2 [internal] load metadata for docker.io/library/golang:latest
#2 DONE 0.1s

#3 [internal] load .dockerignore
#3 transferring context: 2B done
#3 DONE 0.0s

#4 [internal] load build context
#4 transferring context: 2B done
#4 DONE 0.0s

#5 [2/5] RUN mkdir /app
#5 CACHED

#6 [3/5] COPY ./rapps-rapp-helloworld-provider /app
#6 ERROR: failed to calculate checksum of ref db9b553a-9819-4726-a7bb-a7b05c7defbe::sn7d2axve4i8cqeut7u6j18yt: "/rapps-rapp-helloworld-provider": not found

#7 [1/5] FROM docker.io/library/golang:latest@sha256:8bbd14091f2c61916134fa6aeb8f76b18693fcb29a39ec6d8be9242c0a7e9260
#7 resolve docker.io/library/golang:latest@sha256:8bbd14091f2c61916134fa6aeb8f76b18693fcb29a39ec6d8be9242c0a7e9260 0.0s done
#7 sha256:8bbd14091f2c61916134fa6aeb8f76b18693fcb29a39ec6d8be9242c0a7e9260 9.70kB / 9.70kB done
#7 sha256:2
2026-01-14 19:16:35,967 - INFO - Building Dockerfile_rri...
2026-01-14 19:16:36,705 - ERROR - ✗ Build failed: Dockerfile_rri
2026-01-14 19:16:36,705 - ERROR - Error: #0 building with "default" instance using docker driver

#1 [internal] load build definition from Dockerfile_rri
#1 transferring dockerfile: 1.04kB done
#1 DONE 0.0s

#2 [internal] load metadata for docker.io/library/golang:latest
#2 DONE 0.1s

#3 [internal] load .dockerignore
#3 transferring context: 2B done
#3 DONE 0.0s

#4 [internal] load build context
#4 transferring context: 2B done
#4 DONE 0.0s

#5 [2/5] RUN mkdir /app
#5 CACHED

#6 [3/5] COPY ./rapps-rapp-invoker /app
#6 ERROR: failed to calculate checksum of ref db9b553a-9819-4726-a7bb-a7b05c7defbe::0yqkaud41x98xuovyw05njzmm: "/rapps-rapp-invoker": not found

#7 [1/5] FROM docker.io/library/golang:latest@sha256:8bbd14091f2c61916134fa6aeb8f76b18693fcb29a39ec6d8be9242c0a7e9260
#7 resolve docker.io/library/golang:latest@sha256:8bbd14091f2c61916134fa6aeb8f76b18693fcb29a39ec6d8be9242c0a7e9260 0.0s done
#7 sha256:3e08bd36a50979e7b09561e4b804b1f112c9d6509c0a12b15bd7b1b410e8a34a 3.04kB / 3.04kB done
#7 sha256:8bbd14091f2c61916134fa6aeb
2026-01-14 19:16:36,706 - INFO - Building Dockerfile_rim...
2026-01-14 19:16:37,453 - ERROR - ✗ Build failed: Dockerfile_rim
2026-01-14 19:16:37,453 - ERROR - Error: #0 building with "default" instance using docker driver

#1 [internal] load build definition from Dockerfile_rim
#1 transferring dockerfile: 1.12kB done
#1 DONE 0.0s

#2 [internal] load metadata for docker.io/library/golang:latest
#2 DONE 0.1s

#3 [internal] load .dockerignore
#3 transferring context: 2B done
#3 DONE 0.0s

#4 [internal] load build context
#4 transferring context: 8.31kB done
#4 DONE 0.0s

#5 [2/7] RUN mkdir /app
#5 CACHED

#6 [3/7] COPY ./rapps-istio-mgr /app
#6 ERROR: failed to calculate checksum of ref db9b553a-9819-4726-a7bb-a7b05c7defbe::uq5hkoj7g8ef7wbpvwetokorv: "/rapps-istio-mgr": not found

#7 [1/7] FROM docker.io/library/golang:latest@sha256:8bbd14091f2c61916134fa6aeb8f76b18693fcb29a39ec6d8be9242c0a7e9260
#7 resolve docker.io/library/golang:latest@sha256:8bbd14091f2c61916134fa6aeb8f76b18693fcb29a39ec6d8be9242c0a7e9260 0.0s done
#7 sha256:8bbd14091f2c61916134fa6aeb8f76b18693fcb29a39ec6d8be9242c0a7e9260 9.70kB / 9.70kB done
#7 sha256:3e08bd36a50979e7b09561e4b804
2026-01-14 19:16:37,453 - INFO - Building Dockerfile_wh...
2026-01-14 19:16:38,181 - ERROR - ✗ Build failed: Dockerfile_wh
2026-01-14 19:16:38,181 - ERROR - Error: #0 building with "default" instance using docker driver

#1 [internal] load build definition from Dockerfile_wh
#1 transferring dockerfile: 1.06kB done
#1 DONE 0.0s

#2 [internal] load metadata for docker.io/library/golang:latest
#2 DONE 0.1s

#3 [internal] load .dockerignore
#3 transferring context: 2B done
#3 DONE 0.0s

#4 [internal] load build context
#4 transferring context: 2B done
#4 DONE 0.0s

#5 [2/5] RUN mkdir /app
#5 CACHED

#6 [3/5] COPY ./rapps-webhook /app
#6 ERROR: failed to calculate checksum of ref db9b553a-9819-4726-a7bb-a7b05c7defbe::ft0j1y6jrbwctpcel4lfvneow: "/rapps-webhook": not found

#7 [1/5] FROM docker.io/library/golang:latest@sha256:8bbd14091f2c61916134fa6aeb8f76b18693fcb29a39ec6d8be9242c0a7e9260
#7 resolve docker.io/library/golang:latest@sha256:8bbd14091f2c61916134fa6aeb8f76b18693fcb29a39ec6d8be9242c0a7e9260 0.0s done
#7 sha256:22bd1c41c958c762e9633f07a5fee8266300e5f25e18e269a6d87a4b870368aa 2.32kB / 2.32kB done
#7 sha256:3e08bd36a50979e7b09561e4b804b1f112c9d
2026-01-14 19:16:38,181 - INFO - Building Dockerfile_rhi...
2026-01-14 19:16:38,903 - ERROR - ✗ Build failed: Dockerfile_rhi
2026-01-14 19:16:38,903 - ERROR - Error: #0 building with "default" instance using docker driver

#1 [internal] load build definition from Dockerfile_rhi
#1 transferring dockerfile: 1.08kB done
#1 DONE 0.0s

#2 [internal] load metadata for docker.io/library/golang:latest
#2 DONE 0.1s

#3 [internal] load .dockerignore
#3 transferring context: 2B done
#3 DONE 0.0s

#4 [internal] load build context
#4 transferring context: 2B done
#4 DONE 0.0s

#5 [1/5] FROM docker.io/library/golang:latest@sha256:8bbd14091f2c61916134fa6aeb8f76b18693fcb29a39ec6d8be9242c0a7e9260
#5 resolve docker.io/library/golang:latest@sha256:8bbd14091f2c61916134fa6aeb8f76b18693fcb29a39ec6d8be9242c0a7e9260 0.0s done
#5 sha256:3e08bd36a50979e7b09561e4b804b1f112c9d6509c0a12b15bd7b1b410e8a34a 3.04kB / 3.04kB done
#5 sha256:8bbd14091f2c61916134fa6aeb8f76b18693fcb29a39ec6d8be9242c0a7e9260 9.70kB / 9.70kB done
#5 sha256:22bd1c41c958c762e9633f07a5fee8266300e5f25e18e269a6d87a4b870368aa 2.32kB / 2.32kB done
#5 CANCELED

#6 [2/5] RUN mkdir /app
#6 CACHED

#7 [3/5] COPY ./
2026-01-14 19:16:38,903 - INFO - Building Dockerfile_jwt...
2026-01-14 19:16:39,546 - ERROR - ✗ Build failed: Dockerfile_jwt
2026-01-14 19:16:39,546 - ERROR - Error: #0 building with "default" instance using docker driver

#1 [internal] load build definition from Dockerfile_jwt
#1 transferring dockerfile: 1.05kB done
#1 DONE 0.0s

#2 [internal] load metadata for docker.io/library/golang:latest
#2 DONE 0.1s

#3 [internal] load .dockerignore
#3 transferring context: 2B done
#3 DONE 0.0s

#4 [internal] load build context
#4 transferring context: 2B done
#4 DONE 0.0s

#5 [2/5] RUN mkdir /app
#5 CACHED

#6 [3/5] COPY ./rapps-jwt /app
#6 ERROR: failed to calculate checksum of ref db9b553a-9819-4726-a7bb-a7b05c7defbe::kv7cg6mnls4ojgmcpqmkr0c1r: "/rapps-jwt": not found

#7 [1/5] FROM docker.io/library/golang:latest@sha256:8bbd14091f2c61916134fa6aeb8f76b18693fcb29a39ec6d8be9242c0a7e9260
#7 resolve docker.io/library/golang:latest@sha256:8bbd14091f2c61916134fa6aeb8f76b18693fcb29a39ec6d8be9242c0a7e9260 0.0s done
#7 sha256:22bd1c41c958c762e9633f07a5fee8266300e5f25e18e269a6d87a4b870368aa 2.32kB / 2.32kB done
#7 sha256:8bbd14091f2c61916134fa6aeb8f76b18693fcb29a39
2026-01-14 19:16:39,546 - INFO - Building Dockerfile_rkm...
2026-01-14 19:16:51,458 - ERROR - ✗ Build failed: Dockerfile_rkm
2026-01-14 19:16:51,458 - ERROR - Error: #0 building with "default" instance using docker driver

#1 [internal] load build definition from Dockerfile_rkm
#1 transferring dockerfile: 1.08kB done
#1 DONE 0.0s

#2 [internal] load metadata for docker.io/library/golang:latest
#2 DONE 0.5s

#3 [internal] load .dockerignore
#3 transferring context: 2B done
#3 DONE 0.8s

#4 [internal] load build context
#4 DONE 0.0s

#5 [1/5] FROM docker.io/library/golang:latest@sha256:8bbd14091f2c61916134fa6aeb8f76b18693fcb29a39ec6d8be9242c0a7e9260
#5 resolve docker.io/library/golang:latest@sha256:8bbd14091f2c61916134fa6aeb8f76b18693fcb29a39ec6d8be9242c0a7e9260
#5 resolve docker.io/library/golang:latest@sha256:8bbd14091f2c61916134fa6aeb8f76b18693fcb29a39ec6d8be9242c0a7e9260 4.0s done
#5 sha256:8bbd14091f2c61916134fa6aeb8f76b18693fcb29a39ec6d8be9242c0a7e9260 9.70kB / 9.70kB done
#5 ...

#4 [internal] load build context
#4 transferring context: 2B done
#4 DONE 0.3s

#5 [1/5] FROM docker.io/library/golang:latest@sha256:8bbd14091f2c61916134fa6aeb8f76b18
2026-01-14 19:16:51,458 - INFO - Building Dockerfile_rrp...
2026-01-14 19:16:58,810 - ERROR - ✗ Build failed: Dockerfile_rrp
2026-01-14 19:16:58,810 - ERROR - Error: #0 building with "default" instance using docker driver

#1 [internal] load build definition from Dockerfile_rrp
#1 transferring dockerfile: 1.08kB done
#1 DONE 0.4s

#2 [internal] load metadata for docker.io/library/golang:latest
#2 DONE 1.2s

#3 [internal] load .dockerignore
#3 transferring context: 2B done
#3 DONE 0.3s

#4 [internal] load build context
#4 DONE 0.0s

#5 [1/5] FROM docker.io/library/golang:latest@sha256:8bbd14091f2c61916134fa6aeb8f76b18693fcb29a39ec6d8be9242c0a7e9260
#5 resolve docker.io/library/golang:latest@sha256:8bbd14091f2c61916134fa6aeb8f76b18693fcb29a39ec6d8be9242c0a7e9260
#5 resolve docker.io/library/golang:latest@sha256:8bbd14091f2c61916134fa6aeb8f76b18693fcb29a39ec6d8be9242c0a7e9260 1.4s done
#5 sha256:8bbd14091f2c61916134fa6aeb8f76b18693fcb29a39ec6d8be9242c0a7e9260 9.70kB / 9.70kB done
#5 sha256:22bd1c41c958c762e9633f07a5fee8266300e5f25e18e269a6d87a4b870368aa 2.32kB / 2.32kB done
#5 sha256:3e08bd36a50979e7b09561e4b804b1f112c9d6509c0a12b15bd7b1b410e8a34a 3.0
2026-01-14 19:16:58,810 - INFO - Building Dockerfile...
2026-01-14 19:18:51,126 - INFO - ✓ Build successful: Dockerfile
2026-01-14 19:18:51,126 - INFO - Building Dockerfile...
2026-01-14 19:20:54,487 - INFO - ✓ Build successful: Dockerfile
2026-01-14 19:20:54,487 - INFO - Building Dockerfile...
2026-01-14 19:21:40,487 - INFO - ✓ Build successful: Dockerfile
2026-01-14 19:21:40,487 - INFO - Building Dockerfile...
2026-01-14 19:22:45,024 - INFO - ✓ Build successful: Dockerfile
2026-01-14 19:22:45,024 - INFO - Building Dockerfile...
2026-01-14 19:23:28,659 - INFO - ✓ Build successful: Dockerfile
2026-01-14 19:23:28,659 - INFO - Building DockerfileSimple...
2026-01-14 19:23:29,564 - ERROR - ✗ Build failed: DockerfileSimple
2026-01-14 19:23:29,564 - ERROR - Error: #0 building with "default" instance using docker driver

#1 [internal] load build definition from DockerfileSimple
#1 transferring dockerfile: 1.20kB done
#1 DONE 0.0s

#2 [internal] load metadata for nexus3.o-ran-sc.org:10001/amazoncorretto:17.0.17
#2 DONE 0.3s

#3 [internal] load .dockerignore
#3 transferring context: 2B done
#3 DONE 0.0s

#4 [1/3] FROM nexus3.o-ran-sc.org:10001/amazoncorretto:17.0.17@sha256:eba8935ced38cb0edcc6fd2c4e72f8ef83b23fa88fd2bcdefe52e79a8d7ab705
#4 DONE 0.0s

#5 [2/3] WORKDIR /app
#5 CACHED

#6 [internal] load build context
#6 transferring context: 2B done
#6 DONE 0.1s

#7 [3/3] COPY target/kafka-consumer-0.0.1.jar /app/consumer-0.0.1.jar
#7 ERROR: failed to calculate checksum of ref db9b553a-9819-4726-a7bb-a7b05c7defbe::4dhd3r3y0ix0q42lkvfn7wlqu: "/target/kafka-consumer-0.0.1.jar": not found
------
 > [3/3] COPY target/kafka-consumer-0.0.1.jar /app/consumer-0.0.1.jar:
------
DockerfileSimple:28
--------------------
  26 |     WORKDIR /app
  27 |     
  28 
2026-01-14 19:23:29,564 - INFO - Building Dockerfile...
2026-01-14 19:24:23,776 - INFO - ✓ Build successful: Dockerfile
2026-01-14 19:24:23,777 - INFO - Building DockerfileSimple...
2026-01-14 19:24:25,948 - ERROR - ✗ Build failed: DockerfileSimple
2026-01-14 19:24:25,949 - ERROR - Error: #0 building with "default" instance using docker driver

#1 [internal] load build definition from DockerfileSimple
#1 transferring dockerfile: 1.20kB done
#1 DONE 0.1s

#2 [internal] load metadata for nexus3.o-ran-sc.org:10001/amazoncorretto:17.0.17
#2 DONE 1.6s

#3 [internal] load .dockerignore
#3 transferring context: 2B done
#3 DONE 0.0s

#4 [1/3] FROM nexus3.o-ran-sc.org:10001/amazoncorretto:17.0.17@sha256:eba8935ced38cb0edcc6fd2c4e72f8ef83b23fa88fd2bcdefe52e79a8d7ab705
#4 DONE 0.0s

#5 [2/3] WORKDIR /app
#5 CACHED

#6 [internal] load build context
#6 transferring context: 2B done
#6 DONE 0.0s

#7 [3/3] COPY target/kafka-producer-0.0.1.jar /app/producer-0.0.1.jar
#7 ERROR: failed to calculate checksum of ref db9b553a-9819-4726-a7bb-a7b05c7defbe::4wriyscy3lyjhjcxe027g8te8: "/target/kafka-producer-0.0.1.jar": not found
------
 > [3/3] COPY target/kafka-producer-0.0.1.jar /app/producer-0.0.1.jar:
------
DockerfileSimple:28
--------------------
  26 |     WORKDIR /app
  27 |     
  28 
2026-01-14 19:24:25,949 - INFO - Building Dockerfile...
2026-01-14 19:25:19,932 - INFO - ✓ Build successful: Dockerfile
2026-01-14 19:25:19,933 - INFO - Building Dockerfile...
2026-01-14 19:25:34,876 - INFO - ✓ Build successful: Dockerfile
2026-01-14 19:25:34,876 - INFO - Building Dockerfile...
2026-01-14 19:25:39,138 - INFO - ✓ Build successful: Dockerfile
2026-01-14 19:25:39,138 - INFO - Building Dockerfile...
2026-01-14 19:25:47,509 - INFO - ✓ Build successful: Dockerfile
2026-01-14 19:25:47,510 - INFO - Building Dockerfile...
2026-01-14 19:26:03,430 - INFO - ✓ Build successful: Dockerfile
2026-01-14 19:26:03,430 - INFO - Building Dockerfile...
2026-01-14 19:26:12,786 - INFO - ✓ Build successful: Dockerfile
2026-01-14 19:26:12,786 - WARNING - ⚠ Partial success: 12 successful, 12 failed
2026-01-14 19:26:12,786 - INFO - Summary: 12 successful, 12 failed out of 24 total
