2026-01-14 21:27:39,766 - INFO - Cloning repository: o-ran-sc/ric-app-ad
2026-01-14 21:27:40,191 - INFO - Found 2 Dockerfile(s)
2026-01-14 21:27:40,191 - INFO - Building Dockerfile...
2026-01-14 21:27:40,811 - INFO - ✓ Build successful: Dockerfile
2026-01-14 21:27:40,811 - INFO - Building Dockerfile-Unit-Test...
2026-01-14 21:28:33,918 - ERROR - ✗ Build failed: Dockerfile-Unit-Test
2026-01-14 21:28:33,918 - ERROR - Error: #0 building with "default" instance using docker driver

#1 [internal] load build definition from Dockerfile-Unit-Test
#1 transferring dockerfile: 1.85kB done
#1 DONE 0.0s

#2 [internal] load metadata for docker.io/continuumio/miniconda3:23.10.0-1
#2 DONE 0.0s

#3 [internal] load .dockerignore
#3 transferring context: 2B done
#3 DONE 0.0s

#4 [ 1/13] FROM docker.io/continuumio/miniconda3:23.10.0-1
#4 DONE 0.0s

#5 [internal] load build context
#5 transferring context: 8.11kB done
#5 DONE 0.0s

#6 [10/13] COPY src/ /tmp/src
#6 CACHED

#7 [ 4/13] RUN wget --content-disposition https://packagecloud.io/o-ran-sc/release/packages/debian/stretch/rmr_4.9.0_amd64.deb/download.deb && dpkg -i rmr_4.9.0_amd64.deb
#7 CACHED

#8 [ 8/13] COPY setup.py tox.ini LICENSE.txt /tmp/
#8 CACHED

#9 [ 9/13] RUN pip install /tmp
#9 CACHED

#10 [11/13] COPY tests/ /tmp/tests
#10 CACHED

#11 [ 7/13] RUN pip install --upgrade pip && pip install tox
#11 CACHED

#12 [ 2/13] RUN mkdir -p /opt/route/
#12 CACHED

#13 
2026-01-14 21:28:33,918 - WARNING - ⚠ Partial success: 1 successful, 1 failed
2026-01-14 21:28:33,918 - INFO - Summary: 1 successful, 1 failed out of 2 total
