2026-01-14 20:56:38,903 - INFO - Cloning repository: o-ran-sc/ric-app-ad
2026-01-14 20:56:39,387 - INFO - Found 2 Dockerfile(s)
2026-01-14 20:56:39,387 - INFO - Building Dockerfile...
2026-01-14 20:56:39,923 - INFO - ✓ Build successful: Dockerfile
2026-01-14 20:56:39,923 - INFO - Building Dockerfile-Unit-Test...
2026-01-14 20:57:31,769 - ERROR - ✗ Build failed: Dockerfile-Unit-Test
2026-01-14 20:57:31,769 - ERROR - Error: #0 building with "default" instance using docker driver

#1 [internal] load build definition from Dockerfile-Unit-Test
#1 transferring dockerfile: 1.85kB done
#1 DONE 0.0s

#2 [internal] load metadata for docker.io/continuumio/miniconda3:23.10.0-1
#2 DONE 0.0s

#3 [internal] load .dockerignore
#3 transferring context: 2B done
#3 DONE 0.1s

#4 [ 1/13] FROM docker.io/continuumio/miniconda3:23.10.0-1
#4 DONE 0.0s

#5 [internal] load build context
#5 transferring context: 8.11kB done
#5 DONE 0.0s

#6 [ 7/13] RUN pip install --upgrade pip && pip install tox
#6 CACHED

#7 [11/13] COPY tests/ /tmp/tests
#7 CACHED

#8 [ 4/13] RUN wget --content-disposition https://packagecloud.io/o-ran-sc/release/packages/debian/stretch/rmr_4.9.0_amd64.deb/download.deb && dpkg -i rmr_4.9.0_amd64.deb
#8 CACHED

#9 [ 6/13] RUN rm -f rmr_4.9.0_amd64.deb rmr-dev_4.9.0_amd64.deb
#9 CACHED

#10 [ 5/13] RUN wget --content-disposition https://packagecloud.io/o-ran-sc/release/packages/debian/stretch/rmr-dev_4.9.0_amd64
2026-01-14 20:57:31,769 - WARNING - ⚠ Partial success: 1 successful, 1 failed
2026-01-14 20:57:31,769 - INFO - Summary: 1 successful, 1 failed out of 2 total
