2026-01-14 20:43:38,857 - INFO - Cloning repository: o-ran-sc/ric-plt-e2
2026-01-14 20:43:39,515 - INFO - Found 2 Dockerfile(s)
2026-01-14 20:43:39,515 - INFO - Building Dockerfile...
2026-01-14 20:43:40,848 - INFO - ✓ Build successful: Dockerfile
2026-01-14 20:43:40,848 - INFO - Building Dockerfile...
2026-01-14 20:43:41,501 - ERROR - ✗ Build failed: Dockerfile
2026-01-14 20:43:41,501 - ERROR - Error: #0 building with "default" instance using docker driver

#1 [internal] load build definition from Dockerfile
#1 transferring dockerfile: 2.54kB done
#1 WARN: FromAsCasing: 'as' and 'FROM' keywords' casing do not match (line 23)
#1 DONE 0.1s

#2 [internal] load metadata for snapshot.docker.ranco-dev-tools.eastus.cloudapp.azure.com:10001/e2_base:1.0.0
#2 ERROR: failed to do request: Head "https://snapshot.docker.ranco-dev-tools.eastus.cloudapp.azure.com:10001/v2/e2_base/manifests/1.0.0": dial tcp: lookup snapshot.docker.ranco-dev-tools.eastus.cloudapp.azure.com on 127.0.0.53:53: no such host

#3 [internal] load metadata for docker.io/library/ubuntu:16.04
#3 DONE 0.2s
------
 > [internal] load metadata for snapshot.docker.ranco-dev-tools.eastus.cloudapp.azure.com:10001/e2_base:1.0.0:
------

 [33m1 warning found (use docker --debug to expand):
[0m - FromAsCasing: 'as' and 'FROM' keywords' casing do not match (line 23)
Dockerfile:23
--------------------
  21 |     #
  22 |     
  23 | >>
2026-01-14 20:43:41,501 - WARNING - ⚠ Partial success: 1 successful, 1 failed
2026-01-14 20:43:41,501 - INFO - Summary: 1 successful, 1 failed out of 2 total
