2026-01-14 21:43:16,992 - INFO - Cloning repository: o-ran-sc/ric-plt-lib-rmr
2026-01-14 21:43:17,854 - INFO - Found 1 Dockerfile(s)
2026-01-14 21:43:17,854 - INFO - Building Dockerfile...
2026-01-14 21:43:20,763 - ERROR - ✗ Build failed: Dockerfile
2026-01-14 21:43:20,763 - ERROR - Error: #0 building with "default" instance using docker driver

#1 [internal] load build definition from Dockerfile
#1 transferring dockerfile: 1.46kB done
#1 DONE 0.0s

#2 [internal] load metadata for docker.io/library/buildpack-deps:stretch
#2 DONE 0.5s

#3 [internal] load .dockerignore
#3 transferring context: 2B done
#3 DONE 0.0s

#4 [1/5] FROM docker.io/library/buildpack-deps:stretch@sha256:78e995165a5788c2f55aed6e548d8f6c1534830d4310c870408fccb2da8c5b2e
#4 CACHED

#5 [internal] load build context
#5 transferring context: 10.15kB done
#5 DONE 0.0s

#6 [2/5] RUN apt-get update && apt-get -q -y install cmake ksh alien
#6 0.642 Ign:1 http://deb.debian.org/debian stretch InRelease
#6 0.642 Ign:2 http://security.debian.org/debian-security stretch/updates InRelease
#6 0.659 Ign:3 http://security.debian.org/debian-security stretch/updates Release
#6 0.662 Ign:4 http://deb.debian.org/debian stretch-updates InRelease
#6 0.676 Ign:5 http://security.debian.org/debian-security stretch/updates/main a
2026-01-14 21:43:20,763 - ERROR - ✗ All builds failed for o-ran-sc/ric-plt-lib-rmr
2026-01-14 21:43:20,764 - INFO - Summary: 0 successful, 1 failed out of 1 total
