2026-01-14 21:55:00,632 - INFO - Cloning repository: o-ran-sc/nonrtric-plt-sme
2026-01-14 21:55:01,711 - INFO - Found 3 Dockerfile(s)
2026-01-14 21:55:01,711 - INFO - Building Dockerfile...
2026-01-14 21:55:05,824 - INFO - ✓ Build successful: Dockerfile
2026-01-14 21:55:05,824 - INFO - Building Dockerfile...
2026-01-14 21:55:12,694 - ERROR - ✗ Build failed: Dockerfile
2026-01-14 21:55:12,694 - ERROR - Error: #0 building with "default" instance using docker driver

#1 [internal] load build definition from Dockerfile
#1 transferring dockerfile: 1.29kB done
#1 DONE 0.1s

#2 [internal] load metadata for nexus3.o-ran-sc.org:10001/golang:1.19.2-bullseye
#2 DONE 0.2s

#3 [internal] load metadata for gcr.io/distroless/base-debian11:latest
#3 DONE 0.3s

#4 [internal] load .dockerignore
#4 transferring context: 2B done
#4 DONE 0.1s

#5 [build 1/7] FROM nexus3.o-ran-sc.org:10001/golang:1.19.2-bullseye@sha256:8b9971c37678d2c4c04e7dd4e430baec049647d72ed97bf5e6a41ef8e77e74a5
#5 DONE 0.0s

#6 [stage-1 1/3] FROM gcr.io/distroless/base-debian11:latest@sha256:ac69aa622ea5dcbca0803ca877d47d069f51bd4282d5c96977e0390d7d256455
#6 CACHED

#7 [internal] load build context
#7 transferring context: 107.71kB 0.0s done
#7 DONE 0.2s

#8 [build 2/7] WORKDIR /app
#8 CACHED

#9 [build 3/7] COPY go.mod .
#9 CACHED

#10 [build 4/7] COPY go.sum .
#10 CACHED

#11 [build 5/7] RUN go mod download
#11 CACHED

#12 [build 6/7] CO
2026-01-14 21:55:12,694 - INFO - Building Dockerfile...
2026-01-14 21:55:13,206 - ERROR - ✗ Build failed: Dockerfile
2026-01-14 21:55:13,206 - ERROR - Error: #0 building with "default" instance using docker driver

#1 [internal] load build definition from Dockerfile
#1 transferring dockerfile: 1.61kB done
#1 DONE 0.0s

#2 [internal] load metadata for nexus3.o-ran-sc.org:10001/golang:1.19.2-bullseye
#2 DONE 0.1s

#3 [internal] load metadata for docker.io/library/ubuntu:22.04
#3 DONE 0.1s

#4 [internal] load .dockerignore
#4 transferring context: 2B done
#4 DONE 0.0s

#5 [stage-1 1/4] FROM docker.io/library/ubuntu:22.04@sha256:104ae83764a5119017b8e8d6218fa0832b09df65aae7d5a6de29a85d813da2fb
#5 DONE 0.0s

#6 [build  1/14] FROM nexus3.o-ran-sc.org:10001/golang:1.19.2-bullseye@sha256:8b9971c37678d2c4c04e7dd4e430baec049647d72ed97bf5e6a41ef8e77e74a5
#6 DONE 0.0s

#7 [stage-1 2/4] WORKDIR /app/servicemanager
#7 CACHED

#8 [build  2/14] WORKDIR /app/capifcore
#8 CACHED

#9 [internal] load build context
#9 transferring context: 2B done
#9 DONE 0.0s

#10 [build  3/14] COPY capifcore/go.mod .
#10 ERROR: failed to calculate checksum of ref db9b553a-9819
2026-01-14 21:55:13,206 - WARNING - ⚠ Partial success: 1 successful, 2 failed
2026-01-14 21:55:13,206 - INFO - Summary: 1 successful, 2 failed out of 3 total
