2026-01-14 21:04:08,137 - INFO - Cloning repository: o-ran-sc/nonrtric-plt-sme
2026-01-14 21:04:08,669 - INFO - Found 3 Dockerfile(s)
2026-01-14 21:04:08,669 - INFO - Building Dockerfile...
2026-01-14 21:07:08,740 - INFO - ✓ Build successful: Dockerfile
2026-01-14 21:07:08,741 - INFO - Building Dockerfile...
2026-01-14 21:07:17,272 - ERROR - ✗ Build failed: Dockerfile
2026-01-14 21:07:17,272 - ERROR - Error: #0 building with "default" instance using docker driver

#1 [internal] load build definition from Dockerfile
#1 transferring dockerfile: 1.29kB done
#1 DONE 0.0s

#2 [internal] load metadata for nexus3.o-ran-sc.org:10001/golang:1.19.2-bullseye
#2 ...

#3 [internal] load metadata for gcr.io/distroless/base-debian11:latest
#3 DONE 0.4s

#2 [internal] load metadata for nexus3.o-ran-sc.org:10001/golang:1.19.2-bullseye
#2 DONE 0.5s

#4 [internal] load .dockerignore
#4 transferring context: 2B done
#4 DONE 0.0s

#5 [build 1/7] FROM nexus3.o-ran-sc.org:10001/golang:1.19.2-bullseye@sha256:8b9971c37678d2c4c04e7dd4e430baec049647d72ed97bf5e6a41ef8e77e74a5
#5 DONE 0.0s

#6 [stage-1 1/3] FROM gcr.io/distroless/base-debian11:latest@sha256:ac69aa622ea5dcbca0803ca877d47d069f51bd4282d5c96977e0390d7d256455
#6 CACHED

#7 [internal] load build context
#7 transferring context: 107.71kB 0.0s done
#7 DONE 0.1s

#8 [build 2/7] WORKDIR /app
#8 CACHED

#9 [build 3/7] COPY go.mod .
#9 DONE 0.8s

#10 [build 4/7] 
2026-01-14 21:07:17,273 - INFO - Building Dockerfile...
2026-01-14 21:07:18,397 - ERROR - ✗ Build failed: Dockerfile
2026-01-14 21:07:18,397 - ERROR - Error: #0 building with "default" instance using docker driver

#1 [internal] load build definition from Dockerfile
#1 transferring dockerfile: 1.61kB done
#1 DONE 0.1s

#2 [internal] load metadata for nexus3.o-ran-sc.org:10001/golang:1.19.2-bullseye
#2 DONE 0.2s

#3 [internal] load metadata for docker.io/library/ubuntu:22.04
#3 DONE 0.3s

#4 [internal] load .dockerignore
#4 transferring context: 2B done
#4 DONE 0.0s

#5 [stage-1 1/4] FROM docker.io/library/ubuntu:22.04@sha256:104ae83764a5119017b8e8d6218fa0832b09df65aae7d5a6de29a85d813da2fb
#5 CACHED

#6 [build  1/14] FROM nexus3.o-ran-sc.org:10001/golang:1.19.2-bullseye@sha256:8b9971c37678d2c4c04e7dd4e430baec049647d72ed97bf5e6a41ef8e77e74a5
#6 CACHED

#7 [internal] load build context
#7 transferring context: 2B done
#7 DONE 0.1s

#8 [stage-1 2/4] WORKDIR /app/servicemanager
#8 ...

#9 [build  5/14] RUN go mod download
#9 CACHED

#10 [build  6/14] COPY ./capifcore/. .
#10 ERROR: failed to calculate checksum of ref db9b553a-9819-4726-a7bb-a7b0
2026-01-14 21:07:18,398 - WARNING - ⚠ Partial success: 1 successful, 2 failed
2026-01-14 21:07:18,398 - INFO - Summary: 1 successful, 2 failed out of 3 total
