2026-01-14 20:39:47,369 - INFO - Cloning repository: o-ran-sc/nonrtric-plt-ranpm
2026-01-14 20:39:49,175 - INFO - Found 6 Dockerfile(s)
2026-01-14 20:39:49,176 - INFO - Building Dockerfile...
2026-01-14 20:40:07,195 - ERROR - ✗ Build failed: Dockerfile
2026-01-14 20:40:07,195 - ERROR - Error: #0 building with "default" instance using docker driver

#1 [internal] load build definition from Dockerfile
#1 transferring dockerfile:
#1 transferring dockerfile: 2.41kB 0.0s done
#1 DONE 0.3s

#2 [internal] load metadata for nexus3.o-ran-sc.org:10001/amazoncorretto:17.0.17
#2 ...

#3 [internal] load metadata for nexus3.o-ran-sc.org:10001/debian:11-slim
#3 DONE 0.2s

#2 [internal] load metadata for nexus3.o-ran-sc.org:10001/amazoncorretto:17.0.17
#2 DONE 0.4s

#4 [internal] load .dockerignore
#4 transferring context:
#4 transferring context: 2B done
#4 DONE 0.4s

#5 [jre-build 1/3] FROM nexus3.o-ran-sc.org:10001/amazoncorretto:17.0.17@sha256:eba8935ced38cb0edcc6fd2c4e72f8ef83b23fa88fd2bcdefe52e79a8d7ab705
#5 DONE 0.0s

#6 [stage-1  1/15] FROM nexus3.o-ran-sc.org:10001/debian:11-slim@sha256:b32674fb57780ad57d7b0749242d3f585f462f4ec4a60ae0adacd945f9cb9734
#6 resolve nexus3.o-ran-sc.org:10001/debian:11-slim@sha256:b32674fb57780ad57d7b0749242d3f585f462f4ec4a60ae0adacd945f9cb9734
#6 ...


2026-01-14 20:40:07,195 - INFO - Building Dockerfile...
2026-01-14 20:40:09,387 - INFO - ✓ Build successful: Dockerfile
2026-01-14 20:40:09,387 - INFO - Building Dockerfile...
2026-01-14 20:41:22,518 - INFO - ✓ Build successful: Dockerfile
2026-01-14 20:41:22,518 - INFO - Building Dockerfile...
2026-01-14 20:41:24,325 - ERROR - ✗ Build failed: Dockerfile
2026-01-14 20:41:24,325 - ERROR - Error: #0 building with "default" instance using docker driver

#1 [internal] load build definition from Dockerfile
#1 transferring dockerfile: 2.53kB done
#1 DONE 0.0s

#2 [internal] load metadata for nexus3.o-ran-sc.org:10001/amazoncorretto:17.0.17
#2 DONE 0.5s

#3 [internal] load metadata for nexus3.o-ran-sc.org:10001/debian:11-slim
#3 DONE 0.5s

#4 [internal] load .dockerignore
#4 transferring context: 2B done
#4 DONE 0.0s

#5 [jre-build 1/3] FROM nexus3.o-ran-sc.org:10001/amazoncorretto:17.0.17@sha256:eba8935ced38cb0edcc6fd2c4e72f8ef83b23fa88fd2bcdefe52e79a8d7ab705
#5 DONE 0.0s

#6 [stage-1  1/15] FROM nexus3.o-ran-sc.org:10001/debian:11-slim@sha256:b32674fb57780ad57d7b0749242d3f585f462f4ec4a60ae0adacd945f9cb9734
#6 resolve nexus3.o-ran-sc.org:10001/debian:11-slim@sha256:b32674fb57780ad57d7b0749242d3f585f462f4ec4a60ae0adacd945f9cb9734
#6 resolve nexus3.o-ran-sc.org:10001/debian:11-slim@sha256:b32674fb57780ad57d7b0749242d3f585f462f4ec4a60ae0adacd945f9cb9734 0.1s done
#6 sha256:b32674fb577
2026-01-14 20:41:24,325 - INFO - Building Dockerfile...
2026-01-14 20:41:44,127 - INFO - ✓ Build successful: Dockerfile
2026-01-14 20:41:44,127 - INFO - Building Dockerfile...
2026-01-14 20:41:46,487 - ERROR - ✗ Build failed: Dockerfile
2026-01-14 20:41:46,488 - ERROR - Error: #0 building with "default" instance using docker driver

#1 [internal] load build definition from Dockerfile
#1 transferring dockerfile: 2.39kB done
#1 DONE 0.0s

#2 [internal] load metadata for nexus3.o-ran-sc.org:10001/debian:11-slim
#2 DONE 0.1s

#3 [internal] load metadata for nexus3.o-ran-sc.org:10001/amazoncorretto:17.0.17
#3 DONE 0.1s

#4 [internal] load .dockerignore
#4 transferring context: 2B done
#4 DONE 0.1s

#5 [jre-build 1/3] FROM nexus3.o-ran-sc.org:10001/amazoncorretto:17.0.17@sha256:eba8935ced38cb0edcc6fd2c4e72f8ef83b23fa88fd2bcdefe52e79a8d7ab705
#5 DONE 0.0s

#6 [stage-1  1/11] FROM nexus3.o-ran-sc.org:10001/debian:11-slim@sha256:b32674fb57780ad57d7b0749242d3f585f462f4ec4a60ae0adacd945f9cb9734
#6 resolve nexus3.o-ran-sc.org:10001/debian:11-slim@sha256:b32674fb57780ad57d7b0749242d3f585f462f4ec4a60ae0adacd945f9cb9734
#6 resolve nexus3.o-ran-sc.org:10001/debian:11-slim@sha256:b32674fb57780ad57d7b0749242d3f585f462f4ec4a60ae0adacd945f9cb9734 0.0s done
#6 sha256:b32674fb577
2026-01-14 20:41:46,488 - WARNING - ⚠ Partial success: 3 successful, 3 failed
2026-01-14 20:41:46,488 - INFO - Summary: 3 successful, 3 failed out of 6 total
