2026-01-14 21:55:47,790 - INFO - Cloning repository: o-ran-sc/nonrtric-plt-ranpm
2026-01-14 21:55:48,926 - INFO - Found 6 Dockerfile(s)
2026-01-14 21:55:48,926 - INFO - Building Dockerfile...
2026-01-14 21:55:51,390 - ERROR - ✗ Build failed: Dockerfile
2026-01-14 21:55:51,390 - ERROR - Error: #0 building with "default" instance using docker driver

#1 [internal] load build definition from Dockerfile
#1 transferring dockerfile: 2.41kB done
#1 DONE 0.1s

#2 [internal] load metadata for nexus3.o-ran-sc.org:10001/amazoncorretto:17.0.17
#2 DONE 0.5s

#3 [internal] load metadata for nexus3.o-ran-sc.org:10001/debian:11-slim
#3 DONE 0.6s

#4 [internal] load .dockerignore
#4 transferring context:
#4 transferring context: 2B done
#4 DONE 0.1s

#5 [jre-build 1/3] FROM nexus3.o-ran-sc.org:10001/amazoncorretto:17.0.17@sha256:eba8935ced38cb0edcc6fd2c4e72f8ef83b23fa88fd2bcdefe52e79a8d7ab705
#5 DONE 0.0s

#6 [stage-1  1/15] FROM nexus3.o-ran-sc.org:10001/debian:11-slim@sha256:b32674fb57780ad57d7b0749242d3f585f462f4ec4a60ae0adacd945f9cb9734
#6 DONE 0.0s

#7 [internal] load build context
#7 transferring context: 13.83kB done
#7 DONE 0.2s

#6 [stage-1  1/15] FROM nexus3.o-ran-sc.org:10001/debian:11-slim@sha256:b32674fb57780ad57d7b0749242d3f585f462f4ec4a60ae0adacd945f9cb9734
#6 resolve nexus3.
2026-01-14 21:55:51,390 - INFO - Building Dockerfile...
2026-01-14 21:55:54,446 - INFO - ✓ Build successful: Dockerfile
2026-01-14 21:55:54,447 - INFO - Building Dockerfile...
2026-01-14 21:55:56,821 - INFO - ✓ Build successful: Dockerfile
2026-01-14 21:55:56,821 - INFO - Building Dockerfile...
2026-01-14 21:56:00,519 - ERROR - ✗ Build failed: Dockerfile
2026-01-14 21:56:00,519 - ERROR - Error: #0 building with "default" instance using docker driver

#1 [internal] load build definition from Dockerfile
#1 transferring dockerfile: 2.53kB done
#1 DONE 0.1s

#2 [internal] load metadata for nexus3.o-ran-sc.org:10001/amazoncorretto:17.0.17
#2 ...

#3 [internal] load metadata for nexus3.o-ran-sc.org:10001/debian:11-slim
#3 DONE 0.4s

#2 [internal] load metadata for nexus3.o-ran-sc.org:10001/amazoncorretto:17.0.17
#2 DONE 1.2s

#4 [internal] load .dockerignore
#4 transferring context:
#4 transferring context: 2B done
#4 DONE 0.6s

#5 [jre-build 1/3] FROM nexus3.o-ran-sc.org:10001/amazoncorretto:17.0.17@sha256:eba8935ced38cb0edcc6fd2c4e72f8ef83b23fa88fd2bcdefe52e79a8d7ab705
#5 DONE 0.0s

#6 [stage-1  1/15] FROM nexus3.o-ran-sc.org:10001/debian:11-slim@sha256:b32674fb57780ad57d7b0749242d3f585f462f4ec4a60ae0adacd945f9cb9734
#6 DONE 0.0s

#7 [internal] load build context
#7 transferring context: 13.89kB done
#7 DONE 0.3s

#6 [stage-1  1/15] FROM nexus3.o-ran-sc.org:10001/debian:11-slim@s
2026-01-14 21:56:00,519 - INFO - Building Dockerfile...
2026-01-14 21:56:02,628 - INFO - ✓ Build successful: Dockerfile
2026-01-14 21:56:02,628 - INFO - Building Dockerfile...
2026-01-14 21:56:05,203 - ERROR - ✗ Build failed: Dockerfile
2026-01-14 21:56:05,203 - ERROR - Error: #0 building with "default" instance using docker driver

#1 [internal] load build definition from Dockerfile
#1 transferring dockerfile:
#1 transferring dockerfile: 2.39kB done
#1 DONE 0.3s

#2 [internal] load metadata for nexus3.o-ran-sc.org:10001/debian:11-slim
#2 ...

#3 [internal] load metadata for nexus3.o-ran-sc.org:10001/amazoncorretto:17.0.17
#3 DONE 0.6s

#2 [internal] load metadata for nexus3.o-ran-sc.org:10001/debian:11-slim
#2 DONE 0.6s

#4 [internal] load .dockerignore
#4 transferring context: 2B done
#4 DONE 0.1s

#5 [jre-build 1/3] FROM nexus3.o-ran-sc.org:10001/amazoncorretto:17.0.17@sha256:eba8935ced38cb0edcc6fd2c4e72f8ef83b23fa88fd2bcdefe52e79a8d7ab705
#5 DONE 0.0s

#6 [internal] load build context
#6 transferring context: 15.05kB done
#6 DONE 0.2s

#7 [stage-1  1/11] FROM nexus3.o-ran-sc.org:10001/debian:11-slim@sha256:b32674fb57780ad57d7b0749242d3f585f462f4ec4a60ae0adacd945f9cb9734
#7 resolve nexus3.o-ran-sc.org:10001/debian:11-slim@sha256:b32674fb57780ad57d7b074924
2026-01-14 21:56:05,203 - WARNING - ⚠ Partial success: 3 successful, 3 failed
2026-01-14 21:56:05,203 - INFO - Summary: 3 successful, 3 failed out of 6 total
