2026-01-14 19:06:51,463 - INFO - Cloning repository: o-ran-sc/archived-ric-app-admin
2026-01-14 19:06:52,407 - INFO - Found 1 Dockerfile(s)
2026-01-14 19:06:52,408 - INFO - Building Dockerfile...
2026-01-14 19:06:53,254 - ERROR - ✗ Build failed: Dockerfile
2026-01-14 19:06:53,254 - ERROR - Error: #0 building with "default" instance using docker driver

#1 [internal] load build definition from Dockerfile
#1 transferring dockerfile: 3.77kB done
#1 DONE 0.1s

#2 [internal] load metadata for nexus3.o-ran-sc.org:10004/bldr-ubuntu16-c-go@sha256:c53b2f70bfc47de5af0eb0c4264f894b2a13ca3c954befda0725191826dda201
#2 ERROR: nexus3.o-ran-sc.org:10004/bldr-ubuntu16-c-go@sha256:c53b2f70bfc47de5af0eb0c4264f894b2a13ca3c954befda0725191826dda201: not found

#3 [internal] load metadata for docker.io/library/ubuntu:16.04
#3 DONE 0.2s
------
 > [internal] load metadata for nexus3.o-ran-sc.org:10004/bldr-ubuntu16-c-go@sha256:c53b2f70bfc47de5af0eb0c4264f894b2a13ca3c954befda0725191826dda201:
------

 [33m1 warning found (use docker --debug to expand):
[0m - FromAsCasing: 'as' and 'FROM' keywords' casing do not match (line 5)
Dockerfile:5
--------------------
   3 |     
   4 |     #==================================================================================
   5 | >>> FROM nexus3.o-ran-sc.org:1
2026-01-14 19:06:53,254 - ERROR - ✗ All builds failed for o-ran-sc/archived-ric-app-admin
2026-01-14 19:06:53,254 - INFO - Summary: 0 successful, 1 failed out of 1 total
