2026-01-14 19:16:29,734 - INFO - Cloning repository: o-ran-sc/archived-ric-app-kpimon
2026-01-14 19:16:30,715 - INFO - Found 1 Dockerfile(s)
2026-01-14 19:16:30,716 - INFO - Building Dockerfile...
2026-01-14 19:16:31,565 - ERROR - ✗ Build failed: Dockerfile
2026-01-14 19:16:31,565 - ERROR - Error: #0 building with "default" instance using docker driver

#1 [internal] load build definition from Dockerfile
#1 transferring dockerfile: 3.50kB done
#1 WARN: FromAsCasing: 'as' and 'FROM' keywords' casing do not match (line 5)
#1 DONE 0.1s

#2 [internal] load metadata for nexus3.o-ran-sc.org:10004/bldr-ubuntu16-c-go:3-u16.04-nng
#2 ...

#3 [internal] load metadata for docker.io/library/ubuntu:16.04
#3 DONE 0.2s

#2 [internal] load metadata for nexus3.o-ran-sc.org:10004/bldr-ubuntu16-c-go:3-u16.04-nng
#2 ERROR: nexus3.o-ran-sc.org:10004/bldr-ubuntu16-c-go:3-u16.04-nng: not found
------
 > [internal] load metadata for nexus3.o-ran-sc.org:10004/bldr-ubuntu16-c-go:3-u16.04-nng:
------

 [33m1 warning found (use docker --debug to expand):
[0m - FromAsCasing: 'as' and 'FROM' keywords' casing do not match (line 5)
Dockerfile:5
--------------------
   3 |     #==================================================================================
   4 |     #FROM nexus3.o-ran-sc.org:10001/ubuntu:
2026-01-14 19:16:31,565 - ERROR - ✗ All builds failed for o-ran-sc/archived-ric-app-kpimon
2026-01-14 19:16:31,565 - INFO - Summary: 0 successful, 1 failed out of 1 total
