2026-01-14 21:43:23,302 - INFO - Cloning repository: o-ran-sc/ric-plt-sdlgo
2026-01-14 21:43:23,954 - INFO - Found 1 Dockerfile(s)
2026-01-14 21:43:23,954 - INFO - Building Dockerfile...
2026-01-14 21:43:25,703 - ERROR - ✗ Build failed: Dockerfile
2026-01-14 21:43:25,703 - ERROR - Error: #0 building with "default" instance using docker driver

#1 [internal] load build definition from Dockerfile
#1 transferring dockerfile: 1.01kB done
#1 DONE 0.0s

#2 [internal] load metadata for docker.io/library/golang:1.20
#2 DONE 0.3s

#3 [internal] load .dockerignore
#3 transferring context: 2B done
#3 DONE 0.0s

#4 [1/4] FROM docker.io/library/golang:1.20@sha256:8f9af7094d0cb27cc783c697ac5ba25efdc4da35f8526db21f7aebb0b0b4f18a
#4 DONE 0.0s

#5 [internal] load build context
#5 transferring context: 1.88kB done
#5 DONE 0.0s

#6 [2/4] RUN mkdir -p /go/src/sdlgo
#6 CACHED

#7 [3/4] COPY . /go/src/sdlgo
#7 CACHED

#8 [4/4] RUN cd /go/src/sdlgo && ci/ci_test.sh
#8 0.369 /bin/sh: 1: ci/ci_test.sh: not found
#8 ERROR: process "/bin/sh -c cd $GOPATH/src/sdlgo && ci/ci_test.sh" did not complete successfully: exit code: 127
------
 > [4/4] RUN cd /go/src/sdlgo && ci/ci_test.sh:
0.369 /bin/sh: 1: ci/ci_test.sh: not found
------
Dockerfile:30
--------------------
  28 |     RUN mkdir -p $GOPATH
2026-01-14 21:43:25,703 - ERROR - ✗ All builds failed for o-ran-sc/ric-plt-sdlgo
2026-01-14 21:43:25,703 - INFO - Summary: 0 successful, 1 failed out of 1 total
