2026-01-14 21:52:20,704 - INFO - Cloning repository: o-ran-sc/nonrtric-plt-rappcatalogue
2026-01-14 21:52:21,280 - INFO - Found 2 Dockerfile(s)
2026-01-14 21:52:21,280 - INFO - Building Dockerfile...
2026-01-14 21:52:22,542 - ERROR - ✗ Build failed: Dockerfile
2026-01-14 21:52:22,542 - ERROR - Error: #0 building with "default" instance using docker driver

#1 [internal] load build definition from Dockerfile
#1 transferring dockerfile: 2.15kB done
#1 DONE 0.0s

#2 [internal] load metadata for nexus3.o-ran-sc.org:10001/amazoncorretto:17.0.17
#2 DONE 0.1s

#3 [internal] load metadata for nexus3.o-ran-sc.org:10001/debian:11-slim
#3 DONE 0.1s

#4 [internal] load .dockerignore
#4 transferring context: 2B done
#4 DONE 0.0s

#5 [jre-build 1/3] FROM nexus3.o-ran-sc.org:10001/amazoncorretto:17.0.17@sha256:eba8935ced38cb0edcc6fd2c4e72f8ef83b23fa88fd2bcdefe52e79a8d7ab705
#5 CACHED

#6 [internal] load build context
#6 transferring context: 5.06kB done
#6 DONE 0.0s

#7 [jre-build 3/3] RUN /usr/lib/jvm/java-17-amazon-corretto/bin/jlink    --verbose    --add-modules ALL-MODULE-PATH    --strip-debug    --no-man-pages    --no-header-files    --compress=2    --output /customjre
#7 CACHED

#8 [stage-1  4/11] RUN mkdir -p /var/log/rappcatalogue
#8 CACHED

#9 [stage-1  5/11] RUN mkdir -p /opt/app/rappca
2026-01-14 21:52:22,542 - INFO - Building Dockerfile...
2026-01-14 21:52:23,237 - INFO - ✓ Build successful: Dockerfile
2026-01-14 21:52:23,237 - WARNING - ⚠ Partial success: 1 successful, 1 failed
2026-01-14 21:52:23,237 - INFO - Summary: 1 successful, 1 failed out of 2 total
