2026-01-14 20:38:35,780 - INFO - Cloning repository: o-ran-sc/nonrtric-plt-rappcatalogue
2026-01-14 20:38:36,200 - INFO - Found 2 Dockerfile(s)
2026-01-14 20:38:36,200 - INFO - Building Dockerfile...
2026-01-14 20:38:38,260 - ERROR - ✗ Build failed: Dockerfile
2026-01-14 20:38:38,260 - ERROR - Error: #0 building with "default" instance using docker driver

#1 [internal] load build definition from Dockerfile
#1 transferring dockerfile: 2.15kB done
#1 DONE 0.0s

#2 [internal] load metadata for nexus3.o-ran-sc.org:10001/amazoncorretto:17.0.17
#2 DONE 0.4s

#3 [internal] load metadata for nexus3.o-ran-sc.org:10001/debian:11-slim
#3 DONE 0.7s

#4 [internal] load .dockerignore
#4 transferring context: 2B done
#4 DONE 0.0s

#5 [jre-build 1/3] FROM nexus3.o-ran-sc.org:10001/amazoncorretto:17.0.17@sha256:eba8935ced38cb0edcc6fd2c4e72f8ef83b23fa88fd2bcdefe52e79a8d7ab705
#5 CACHED

#6 [stage-1  1/11] FROM nexus3.o-ran-sc.org:10001/debian:11-slim@sha256:b32674fb57780ad57d7b0749242d3f585f462f4ec4a60ae0adacd945f9cb9734
#6 resolve nexus3.o-ran-sc.org:10001/debian:11-slim@sha256:b32674fb57780ad57d7b0749242d3f585f462f4ec4a60ae0adacd945f9cb9734 0.0s done
#6 sha256:b32674fb57780ad57d7b0749242d3f585f462f4ec4a60ae0adacd945f9cb9734 4.54kB / 4.54kB done
#6 sha256:51c9eae84c84b9b8a6a54c37046b3dcb6aa1dc4dab
2026-01-14 20:38:38,260 - INFO - Building Dockerfile...
2026-01-14 20:39:42,914 - INFO - ✓ Build successful: Dockerfile
2026-01-14 20:39:42,914 - WARNING - ⚠ Partial success: 1 successful, 1 failed
2026-01-14 20:39:42,914 - INFO - Summary: 1 successful, 1 failed out of 2 total
