2026-01-14 20:01:04,563 - INFO - Cloning repository: o-ran-sc/ric-plt-ric-dep
2026-01-14 20:01:05,077 - INFO - Found 3 Dockerfile(s)
2026-01-14 20:01:05,077 - INFO - Building Dockerfile...
2026-01-14 20:01:07,306 - INFO - ✓ Build successful: Dockerfile
2026-01-14 20:01:07,307 - INFO - Building Dockerfile...
2026-01-14 20:01:29,549 - ERROR - ✗ Build failed: Dockerfile
2026-01-14 20:01:29,549 - ERROR - Error: #0 building with "default" instance using docker driver

#1 [internal] load build definition from Dockerfile
#1 transferring dockerfile: 1.20kB done
#1 DONE 0.0s

#2 [internal] load metadata for docker.io/library/ubuntu:18.04
#2 DONE 0.0s

#3 [internal] load .dockerignore
#3 transferring context: 2B done
#3 DONE 0.0s

#4 [1/7] FROM docker.io/library/ubuntu:18.04
#4 CACHED

#5 [internal] load build context
#5 transferring context: 1.20kB done
#5 DONE 0.0s

#6 [2/7] RUN apt-get update && apt-get -y install curl
#6 0.669 Get:1 http://security.ubuntu.com/ubuntu bionic-security InRelease [102 kB]
#6 0.727 Get:2 http://archive.ubuntu.com/ubuntu bionic InRelease [242 kB]
#6 1.113 Get:3 http://security.ubuntu.com/ubuntu bionic-security/main amd64 Packages [3373 kB]
#6 1.310 Get:4 http://archive.ubuntu.com/ubuntu bionic-updates InRelease [102 kB]
#6 1.450 Get:5 http://archive.ubuntu.com/ubuntu bionic-backports InRelease [102 kB]
#6 1.596 Get:6 http://archive.ubuntu.com/ubuntu bionic/multiverse 
2026-01-14 20:01:29,549 - INFO - Building Dockerfile...
2026-01-14 20:02:15,813 - ERROR - ✗ Build failed: Dockerfile
2026-01-14 20:02:15,813 - ERROR - Error: #0 building with "default" instance using docker driver

#1 [internal] load build definition from Dockerfile
#1 transferring dockerfile: 1.35kB done
#1 WARN: FromAsCasing: 'as' and 'FROM' keywords' casing do not match (line 2)
#1 DONE 0.0s

#2 [internal] load metadata for docker.io/library/golang:1.20
#2 DONE 0.2s

#3 [internal] load metadata for gcr.io/distroless/static:nonroot
#3 DONE 0.8s

#4 [internal] load .dockerignore
#4 transferring context: 160B done
#4 DONE 0.1s

#5 [builder 1/9] FROM docker.io/library/golang:1.20@sha256:8f9af7094d0cb27cc783c697ac5ba25efdc4da35f8526db21f7aebb0b0b4f18a
#5 CACHED

#6 [internal] load build context
#6 transferring context: 369.07kB 0.0s done
#6 DONE 0.2s

#7 [stage-1 1/3] FROM gcr.io/distroless/static:nonroot@sha256:cba10d7abd3e203428e86f5b2d7fd5eb7d8987c387864ae4996cf97191b33764
#7 resolve gcr.io/distroless/static:nonroot@sha256:cba10d7abd3e203428e86f5b2d7fd5eb7d8987c387864ae4996cf97191b33764 0.1s done
#7 sha256:25a5c5bc3ca8c1e9722e85701ebc166a6
2026-01-14 20:02:15,813 - WARNING - ⚠ Partial success: 1 successful, 2 failed
2026-01-14 20:02:15,813 - INFO - Summary: 1 successful, 2 failed out of 3 total
