2026-01-14 20:16:28,213 - INFO - Cloning repository: o-ran-sc/ric-plt-ric-dep
2026-01-14 20:16:28,758 - INFO - Found 3 Dockerfile(s)
2026-01-14 20:16:28,758 - INFO - Building Dockerfile...
2026-01-14 20:16:29,634 - INFO - ✓ Build successful: Dockerfile
2026-01-14 20:16:29,635 - INFO - Building Dockerfile...
2026-01-14 20:16:31,348 - ERROR - ✗ Build failed: Dockerfile
2026-01-14 20:16:31,348 - ERROR - Error: #0 building with "default" instance using docker driver

#1 [internal] load build definition from Dockerfile
#1 transferring dockerfile: 1.20kB done
#1 DONE 0.0s

#2 [internal] load metadata for docker.io/library/ubuntu:18.04
#2 DONE 0.0s

#3 [internal] load .dockerignore
#3 transferring context: 2B done
#3 DONE 0.0s

#4 [1/7] FROM docker.io/library/ubuntu:18.04
#4 DONE 0.0s

#5 [internal] load build context
#5 transferring context: 1.20kB done
#5 DONE 0.0s

#6 [4/7] RUN bash get_helm.sh
#6 CACHED

#7 [5/7] RUN helm init -c --skip-repos
#7 CACHED

#8 [2/7] RUN apt-get update && apt-get -y install curl
#8 CACHED

#9 [3/7] RUN curl --silent --show-error --connect-timeout 10 --retry 6 -L https://raw.githubusercontent.com/helm/helm/master/scripts/get -o get_helm.sh
#9 CACHED

#10 [6/7] COPY . /tmp/ric-plt-ric-dep
#10 CACHED

#11 [7/7] RUN /tmp/ric-plt-ric-dep/bin/verify-ric-charts
#11 0.304 /bin/sh: 1: /tmp/ric-plt-ric-dep/bin/verify-ric-charts: not found
#11 ERROR: process "/bin/sh -c $TG
2026-01-14 20:16:31,348 - INFO - Building Dockerfile...
2026-01-14 20:17:23,223 - ERROR - ✗ Build failed: Dockerfile
2026-01-14 20:17:23,223 - ERROR - Error: #0 building with "default" instance using docker driver

#1 [internal] load build definition from Dockerfile
#1 transferring dockerfile: 1.35kB done
#1 WARN: FromAsCasing: 'as' and 'FROM' keywords' casing do not match (line 2)
#1 DONE 0.0s

#2 [internal] load metadata for docker.io/library/golang:1.20
#2 ...

#3 [internal] load metadata for gcr.io/distroless/static:nonroot
#3 DONE 0.3s

#2 [internal] load metadata for docker.io/library/golang:1.20
#2 DONE 0.5s

#4 [internal] load .dockerignore
#4 transferring context: 160B done
#4 DONE 0.0s

#5 [builder 1/9] FROM docker.io/library/golang:1.20@sha256:8f9af7094d0cb27cc783c697ac5ba25efdc4da35f8526db21f7aebb0b0b4f18a
#5 DONE 0.0s

#6 [stage-1 1/3] FROM gcr.io/distroless/static:nonroot@sha256:cba10d7abd3e203428e86f5b2d7fd5eb7d8987c387864ae4996cf97191b33764
#6 CACHED

#7 [internal] load build context
#7 transferring context: 369.07kB 0.0s done
#7 DONE 0.0s

#8 [builder 2/9] WORKDIR /workspace
#8 CACHED

#9 [builder 4/9] COPY go.sum go.sum
#9
2026-01-14 20:17:23,223 - WARNING - ⚠ Partial success: 1 successful, 2 failed
2026-01-14 20:17:23,223 - INFO - Summary: 1 successful, 2 failed out of 3 total
