2026-01-14 21:56:05,234 - INFO - Cloning repository: o-ran-sc/aiml-fw-aihp-ips-kserve-adapter
2026-01-14 21:56:06,111 - INFO - Found 1 Dockerfile(s)
2026-01-14 21:56:06,111 - INFO - Building Dockerfile...
2026-01-14 21:56:16,169 - ERROR - ✗ Build failed: Dockerfile
2026-01-14 21:56:16,169 - ERROR - Error: #0 building with "default" instance using docker driver

#1 [internal] load build definition from Dockerfile
#1 transferring dockerfile: 1.83kB done
#1 DONE 0.1s

#2 [internal] load metadata for docker.io/library/golang:1.19.8-bullseye
#2 DONE 0.5s

#3 [internal] load .dockerignore
#3 transferring context: 76B done
#3 DONE 0.1s

#4 [builder 1/4] FROM docker.io/library/golang:1.19.8-bullseye@sha256:1370f30629243bb65e3e0f780ae08a54e50fc5b7e96f0b79e62ee846788d1178
#4 DONE 0.0s

#5 [stage-1 2/5] WORKDIR /root/
#5 CACHED

#6 [internal] load build context
#6 transferring context: 197.28kB 0.0s done
#6 DONE 0.2s

#7 [stage-1 3/5] RUN curl https://baltocdn.com/helm/signing.asc | apt-key add - &&     apt-get install -y --no-install-recommends apt-transport-https &&     echo "deb https://baltocdn.com/helm/stable/debian/ all main" | tee /etc/apt/sources.list.d/helm-stable-debian.list &&     apt-get update &&     apt-get install -y --no-install-recommends helm &&     apt-get clean &&     rm -rf /v
2026-01-14 21:56:16,169 - ERROR - ✗ All builds failed for o-ran-sc/aiml-fw-aihp-ips-kserve-adapter
2026-01-14 21:56:16,169 - INFO - Summary: 0 successful, 1 failed out of 1 total
