2026-01-14 21:21:16,254 - INFO - Cloning repository: o-ran-sc/aiml-fw-aihp-ips-kserve-adapter
2026-01-14 21:21:16,582 - INFO - Found 1 Dockerfile(s)
2026-01-14 21:21:16,582 - INFO - Building Dockerfile...
2026-01-14 21:22:18,193 - ERROR - ✗ Build failed: Dockerfile
2026-01-14 21:22:18,193 - ERROR - Error: #0 building with "default" instance using docker driver

#1 [internal] load build definition from Dockerfile
#1 transferring dockerfile: 1.83kB done
#1 DONE 0.0s

#2 [internal] load metadata for docker.io/library/golang:1.19.8-bullseye
#2 DONE 0.9s

#3 [internal] load .dockerignore
#3 transferring context: 76B done
#3 DONE 0.0s

#4 [builder 1/4] FROM docker.io/library/golang:1.19.8-bullseye@sha256:1370f30629243bb65e3e0f780ae08a54e50fc5b7e96f0b79e62ee846788d1178
#4 resolve docker.io/library/golang:1.19.8-bullseye@sha256:1370f30629243bb65e3e0f780ae08a54e50fc5b7e96f0b79e62ee846788d1178 0.0s done
#4 ...

#5 [internal] load build context
#5 transferring context: 197.28kB 0.0s done
#5 DONE 0.1s

#4 [builder 1/4] FROM docker.io/library/golang:1.19.8-bullseye@sha256:1370f30629243bb65e3e0f780ae08a54e50fc5b7e96f0b79e62ee846788d1178
#4 sha256:1370f30629243bb65e3e0f780ae08a54e50fc5b7e96f0b79e62ee846788d1178 1.86kB / 1.86kB done
#4 sha256:dd9ad81920b63c7f9f18823d888d5fdcc7e7516086fd16654d07bc437f0e
2026-01-14 21:22:18,193 - ERROR - ✗ All builds failed for o-ran-sc/aiml-fw-aihp-ips-kserve-adapter
2026-01-14 21:22:18,193 - INFO - Summary: 0 successful, 1 failed out of 1 total
