2026-01-14 19:46:51,663 - INFO - Cloning repository: o-ran-sc/ric-plt-nodeb-rnib
2026-01-14 19:46:51,987 - INFO - Found 1 Dockerfile(s)
2026-01-14 19:46:51,988 - INFO - Building Dockerfile...
2026-01-14 19:47:22,647 - ERROR - ✗ Build failed: Dockerfile
2026-01-14 19:47:22,647 - ERROR - Error: #0 building with "default" instance using docker driver

#1 [internal] load build definition from Dockerfile
#1 transferring dockerfile: 1.44kB done
#1 WARN: FromAsCasing: 'as' and 'FROM' keywords' casing do not match (line 17)
#1 DONE 0.0s

#2 [internal] load metadata for nexus3.o-ran-sc.org:10002/o-ran-sc/bldr-ubuntu18-c-go:1.9.0
#2 DONE 0.0s

#3 [internal] load .dockerignore
#3 transferring context: 2B done
#3 DONE 0.0s

#4 [1/6] FROM nexus3.o-ran-sc.org:10002/o-ran-sc/bldr-ubuntu18-c-go:1.9.0
#4 CACHED

#5 [internal] load build context
#5 transferring context: 3.41kB done
#5 DONE 0.0s

#6 [2/6] RUN apt-get update && apt-get -q -y install cmake ksh alien
#6 0.957 Hit:1 http://archive.ubuntu.com/ubuntu bionic InRelease
#6 0.957 Get:2 http://security.ubuntu.com/ubuntu bionic-security InRelease [102 kB]
#6 1.046 Get:3 http://archive.ubuntu.com/ubuntu bionic-updates InRelease [102 kB]
#6 1.452 Get:4 http://archive.ubuntu.com/ubuntu bionic-backports InRelease [102 kB]
#6 1.525 Get:5 http
2026-01-14 19:47:22,647 - ERROR - ✗ All builds failed for o-ran-sc/ric-plt-nodeb-rnib
2026-01-14 19:47:22,647 - INFO - Summary: 0 successful, 1 failed out of 1 total
