2026-01-14 21:43:25,711 - INFO - Cloning repository: o-ran-sc/ric-plt-nodeb-rnib
2026-01-14 21:43:26,573 - INFO - Found 1 Dockerfile(s)
2026-01-14 21:43:26,573 - INFO - Building Dockerfile...
2026-01-14 21:43:29,828 - ERROR - ✗ Build failed: Dockerfile
2026-01-14 21:43:29,828 - ERROR - Error: #0 building with "default" instance using docker driver

#1 [internal] load build definition from Dockerfile
#1 transferring dockerfile: 1.44kB done
#1 DONE 0.1s

#2 [internal] load metadata for nexus3.o-ran-sc.org:10002/o-ran-sc/bldr-ubuntu18-c-go:1.9.0
#2 DONE 0.0s

#3 [internal] load .dockerignore
#3 transferring context:
#3 transferring context: 2B done
#3 DONE 0.1s

#4 [1/6] FROM nexus3.o-ran-sc.org:10002/o-ran-sc/bldr-ubuntu18-c-go:1.9.0
#4 DONE 0.0s

#5 [internal] load build context
#5 transferring context: 3.41kB 0.0s done
#5 DONE 0.1s

#6 [2/6] RUN apt-get update && apt-get -q -y install cmake ksh alien
#6 CACHED

#7 [3/6] RUN apt update && apt install --reinstall -y   ca-certificates   &&   update-ca-certificates
#7 CACHED

#8 [4/6] ADD . /tmp
#8 CACHED

#9 [5/6] WORKDIR /tmp
#9 CACHED

#10 [6/6] RUN sh ci/build.sh
#10 0.580 sh: 0: Can't open ci/build.sh
#10 ERROR: process "/bin/sh -c sh ci/build.sh" did not complete successfully: exit code: 127
------
 > [6/6] RUN sh ci/buil
2026-01-14 21:43:29,828 - ERROR - ✗ All builds failed for o-ran-sc/ric-plt-nodeb-rnib
2026-01-14 21:43:29,828 - INFO - Summary: 0 successful, 1 failed out of 1 total
