2026-01-14 21:29:11,777 - INFO - Cloning repository: o-ran-sc/smo-ves
2026-01-14 21:29:12,415 - INFO - Found 5 Dockerfile(s)
2026-01-14 21:29:12,416 - INFO - Building Dockerfile...
2026-01-14 21:30:56,504 - ERROR - ✗ Build failed: Dockerfile
2026-01-14 21:30:56,504 - ERROR - Error: #0 building with "default" instance using docker driver

#1 [internal] load build definition from Dockerfile
#1 transferring dockerfile: 1.00kB done
#1 DONE 0.0s

#2 [internal] load metadata for docker.io/library/ubuntu:focal
#2 DONE 0.6s

#3 [internal] load .dockerignore
#3 transferring context: 2B done
#3 DONE 0.0s

#4 [1/8] FROM docker.io/library/ubuntu:focal@sha256:8feb4d8ca5354def3d8fce243717141ce31e2c428701f6682bd2fafe15388214
#4 CACHED

#5 [internal] load build context
#5 transferring context: 26.93kB done
#5 DONE 0.1s

#6 [2/8] RUN apt-get update && apt-get -y upgrade
#6 0.634 Get:1 http://archive.ubuntu.com/ubuntu focal InRelease [265 kB]
#6 0.655 Get:2 http://security.ubuntu.com/ubuntu focal-security InRelease [128 kB]
#6 1.064 Get:3 http://archive.ubuntu.com/ubuntu focal-updates InRelease [128 kB]
#6 1.167 Get:4 http://archive.ubuntu.com/ubuntu focal-backports InRelease [128 kB]
#6 1.187 Get:5 http://security.ubuntu.com/ubuntu focal-security/universe amd64 Packages [1308 kB]
2026-01-14 21:30:56,504 - INFO - Building Dockerfile...
2026-01-14 21:31:32,599 - INFO - ✓ Build successful: Dockerfile
2026-01-14 21:31:32,599 - INFO - Building Dockerfile...
2026-01-14 21:32:16,232 - INFO - ✓ Build successful: Dockerfile
2026-01-14 21:32:16,232 - INFO - Building Dockerfile...
2026-01-14 21:32:39,525 - ERROR - ✗ Build failed: Dockerfile
2026-01-14 21:32:39,525 - ERROR - Error: #0 building with "default" instance using docker driver

#1 [internal] load build definition from Dockerfile
#1 transferring dockerfile: 1.02kB done
#1 DONE 0.1s

#2 [internal] load metadata for docker.io/library/ubuntu:focal
#2 DONE 0.3s

#3 [internal] load .dockerignore
#3 transferring context: 2B done
#3 DONE 0.0s

#4 [1/9] FROM docker.io/library/ubuntu:focal@sha256:8feb4d8ca5354def3d8fce243717141ce31e2c428701f6682bd2fafe15388214
#4 DONE 0.0s

#5 [internal] load build context
#5 transferring context: 17.61kB done
#5 DONE 0.0s

#6 [2/9] RUN apt-get update && apt-get -y upgrade
#6 CACHED

#7 [3/9] RUN apt-get install -y git curl python3 python3-pip
#7 CACHED

#8 [4/9] COPY pip.conf /etc/pip.conf
#8 CACHED

#9 [5/9] RUN pip3 install requests jsonschema kafka-python flask confluent-kafka
#9 1.133 Looking in indexes: https://nexus3.o-ran-sc.org/repository/PyPi/simple
#9 1.817 Collecting requests
#9 1.899   Downloading https://nexus3.o-ran-sc.org/repository/PyPi/packages/requests/2.32.4/r
2026-01-14 21:32:39,526 - INFO - Building Dockerfile...
2026-01-14 21:34:24,200 - INFO - ✓ Build successful: Dockerfile
2026-01-14 21:34:24,200 - WARNING - ⚠ Partial success: 3 successful, 2 failed
2026-01-14 21:34:24,200 - INFO - Summary: 3 successful, 2 failed out of 5 total
