2026-01-14 20:07:31,706 - INFO - Cloning repository: o-ran-sc/smo-teiv
2026-01-14 20:07:33,819 - INFO - Found 3 Dockerfile(s)
2026-01-14 20:07:33,820 - INFO - Building Dockerfile...
2026-01-14 20:07:38,696 - ERROR - ✗ Build failed: Dockerfile
2026-01-14 20:07:38,696 - ERROR - Error: #0 building with "default" instance using docker driver

#1 [internal] load build definition from Dockerfile
#1 transferring dockerfile:
#1 transferring dockerfile: 2.13kB done
#1 DONE 0.5s

#2 [internal] load metadata for docker.io/library/debian:bullseye-slim
#2 DONE 1.1s

#3 [internal] load .dockerignore
#3 transferring context:
#3 transferring context: 2B done
#3 DONE 0.3s

#4 [1/8] FROM docker.io/library/debian:bullseye-slim@sha256:b32674fb57780ad57d7b0749242d3f585f462f4ec4a60ae0adacd945f9cb9734
#4 resolve docker.io/library/debian:bullseye-slim@sha256:b32674fb57780ad57d7b0749242d3f585f462f4ec4a60ae0adacd945f9cb9734
#4 resolve docker.io/library/debian:bullseye-slim@sha256:b32674fb57780ad57d7b0749242d3f585f462f4ec4a60ae0adacd945f9cb9734 0.4s done
#4 sha256:b32674fb57780ad57d7b0749242d3f585f462f4ec4a60ae0adacd945f9cb9734 4.54kB / 4.54kB done
#4 sha256:51c9eae84c84b9b8a6a54c37046b3dcb6aa1dc4dabb7e911bfc039af44a2715e 1.02kB / 1.02kB done
#4 sha256:e5e3fc0e0386c842b6a7831fa11eb8775a4697
2026-01-14 20:07:38,696 - INFO - Building Dockerfile...
2026-01-14 20:07:42,874 - ERROR - ✗ Build failed: Dockerfile
2026-01-14 20:07:42,874 - ERROR - Error: #0 building with "default" instance using docker driver

#1 [internal] load build definition from Dockerfile
#1 transferring dockerfile:
#1 transferring dockerfile: 1.28kB done
#1 DONE 0.5s

#2 [internal] load metadata for docker.io/library/debian:bullseye-slim
#2 DONE 0.3s

#3 [internal] load .dockerignore
#3 transferring context:
#3 transferring context: 2B done
#3 DONE 0.3s

#4 [1/5] FROM docker.io/library/debian:bullseye-slim@sha256:b32674fb57780ad57d7b0749242d3f585f462f4ec4a60ae0adacd945f9cb9734
#4 resolve docker.io/library/debian:bullseye-slim@sha256:b32674fb57780ad57d7b0749242d3f585f462f4ec4a60ae0adacd945f9cb9734
#4 resolve docker.io/library/debian:bullseye-slim@sha256:b32674fb57780ad57d7b0749242d3f585f462f4ec4a60ae0adacd945f9cb9734 0.4s done
#4 ...

#5 [internal] load build context
#5 transferring context: 1.59kB done
#5 DONE 0.5s

#4 [1/5] FROM docker.io/library/debian:bullseye-slim@sha256:b32674fb57780ad57d7b0749242d3f585f462f4ec4a60ae0adacd945f9cb9734
#4 sha256:b32674fb57780
2026-01-14 20:07:42,875 - INFO - Building Dockerfile...
2026-01-14 20:07:51,688 - ERROR - ✗ Build failed: Dockerfile
2026-01-14 20:07:51,688 - ERROR - Error: #0 building with "default" instance using docker driver

#1 [internal] load build definition from Dockerfile
#1 transferring dockerfile:
#1 transferring dockerfile: 1.33kB done
#1 DONE 0.3s

#2 [internal] load metadata for docker.io/library/debian:bullseye-slim
#2 DONE 0.1s

#3 [internal] load .dockerignore
#3 transferring context: 2B done
#3 DONE 0.0s

#4 [internal] load build context
#4 transferring context: 1.82kB done
#4 DONE 0.1s

#5 [1/5] FROM docker.io/library/debian:bullseye-slim@sha256:b32674fb57780ad57d7b0749242d3f585f462f4ec4a60ae0adacd945f9cb9734
#5 resolve docker.io/library/debian:bullseye-slim@sha256:b32674fb57780ad57d7b0749242d3f585f462f4ec4a60ae0adacd945f9cb9734 0.0s done
#5 sha256:e5e3fc0e0386c842b6a7831fa11eb8775a4697ae2bc2e5fdfdbef7f130927e89 453B / 453B done
#5 sha256:b32674fb57780ad57d7b0749242d3f585f462f4ec4a60ae0adacd945f9cb9734 4.54kB / 4.54kB done
#5 sha256:51c9eae84c84b9b8a6a54c37046b3dcb6aa1dc4dabb7e911bfc039af44a2715e 1.02kB / 1.02kB done
#5 CANCELED

#6 [3/
2026-01-14 20:07:51,688 - ERROR - ✗ All builds failed for o-ran-sc/smo-teiv
2026-01-14 20:07:51,688 - INFO - Summary: 0 successful, 3 failed out of 3 total
