2026-01-14 21:43:21,161 - INFO - Cloning repository: o-ran-sc/ric-plt-sdl
2026-01-14 21:43:21,961 - INFO - Found 1 Dockerfile(s)
2026-01-14 21:43:21,962 - INFO - Building Dockerfile-Test...
2026-01-14 21:43:23,278 - ERROR - ✗ Build failed: Dockerfile-Test
2026-01-14 21:43:23,278 - ERROR - Error: #0 building with "default" instance using docker driver

#1 [internal] load build definition from Dockerfile-Test
#1 transferring dockerfile: 1.75kB done
#1 DONE 0.0s

#2 [internal] load metadata for docker.io/library/ubuntu:18.04
#2 DONE 0.0s

#3 [internal] load .dockerignore
#3 transferring context: 2B done
#3 DONE 0.0s

#4 [1/8] FROM docker.io/library/ubuntu:18.04
#4 DONE 0.0s

#5 [internal] load build context
#5 transferring context: 2.04kB done
#5 DONE 0.0s

#6 [3/8] RUN mkdir -p /tmp/build
#6 CACHED

#7 [4/8] COPY . /tmp/build
#7 CACHED

#8 [2/8] RUN apt-get update &&     apt-get install -y         build-essential         automake         libtool         pkg-config         libgtest-dev         rpm         devscripts         gawk         debhelper         autoconf-archive         libboost-filesystem-dev         libboost-program-options-dev         libboost-system-dev         libhiredis-dev         valgrind &&     apt-get clean
#8 CACHED

#9 [5/8] WORKDIR /tmp/build
#9 CACHED

#10 
2026-01-14 21:43:23,278 - ERROR - ✗ All builds failed for o-ran-sc/ric-plt-sdl
2026-01-14 21:43:23,278 - INFO - Summary: 0 successful, 1 failed out of 1 total
