2026-01-14 21:51:42,512 - INFO - Cloning repository: o-ran-sc/nonrtric-rapp-orufhrecovery
2026-01-14 21:51:43,159 - INFO - Found 7 Dockerfile(s)
2026-01-14 21:51:43,159 - INFO - Building Dockerfile-producer...
2026-01-14 21:51:44,488 - ERROR - ✗ Build failed: Dockerfile-producer
2026-01-14 21:51:44,488 - ERROR - Error: #0 building with "default" instance using docker driver

#1 [internal] load build definition from Dockerfile-producer
#1 transferring dockerfile: 1.11kB done
#1 DONE 0.0s

#2 [internal] load metadata for docker.io/library/golang:1.17.1-bullseye
#2 DONE 0.1s

#3 [internal] load metadata for gcr.io/distroless/base-debian10:latest
#3 DONE 0.3s

#4 [internal] load .dockerignore
#4 transferring context: 2B done
#4 DONE 0.0s

#5 [build 1/4] FROM docker.io/library/golang:1.17.1-bullseye@sha256:a17096738ab2ef373b2bb8d3d6773cf7be88b90bca0a7da655e5816d211230f3
#5 DONE 0.0s

#6 [stage-1 1/3] FROM gcr.io/distroless/base-debian10:latest@sha256:101798a3b76599762d3528635113f0466dc9655ecba82e8e33d410e2bf5cd319
#6 CACHED

#7 [internal] load build context
#7 transferring context: 122.53kB 0.0s done
#7 DONE 0.0s

#8 [build 2/4] WORKDIR /app
#8 CACHED

#9 [build 3/4] COPY . ./
#9 CACHED

#10 [build 4/4] RUN go build -o /producer ./stub/producer/
#10 0.324 stat /app/stub/producer: directory not found
#10 E
2026-01-14 21:51:44,488 - INFO - Building Dockerfile-sdnr...
2026-01-14 21:51:45,743 - ERROR - ✗ Build failed: Dockerfile-sdnr
2026-01-14 21:51:45,743 - ERROR - Error: #0 building with "default" instance using docker driver

#1 [internal] load build definition from Dockerfile-sdnr
#1 transferring dockerfile: 1.10kB done
#1 DONE 0.0s

#2 [internal] load metadata for docker.io/library/golang:1.17.1-bullseye
#2 DONE 0.1s

#3 [internal] load metadata for gcr.io/distroless/base-debian10:latest
#3 DONE 0.2s

#4 [internal] load .dockerignore
#4 transferring context: 2B done
#4 DONE 0.0s

#5 [build 1/4] FROM docker.io/library/golang:1.17.1-bullseye@sha256:a17096738ab2ef373b2bb8d3d6773cf7be88b90bca0a7da655e5816d211230f3
#5 DONE 0.0s

#6 [stage-1 1/3] FROM gcr.io/distroless/base-debian10:latest@sha256:101798a3b76599762d3528635113f0466dc9655ecba82e8e33d410e2bf5cd319
#6 CACHED

#7 [internal] load build context
#7 transferring context: 1.84kB done
#7 DONE 0.0s

#8 [build 2/4] WORKDIR /app
#8 CACHED

#9 [build 3/4] COPY . ./
#9 CACHED

#10 [build 4/4] RUN go build -o /sdnrstub ./stub/sdnr/
#10 0.356 stat /app/stub/sdnr: directory not found
#10 ERROR: process "/bin
2026-01-14 21:51:45,743 - INFO - Building Dockerfile-ics...
2026-01-14 21:51:46,925 - ERROR - ✗ Build failed: Dockerfile-ics
2026-01-14 21:51:46,925 - ERROR - Error: #0 building with "default" instance using docker driver

#1 [internal] load build definition from Dockerfile-ics
#1 transferring dockerfile: 1.09kB done
#1 DONE 0.0s

#2 [internal] load metadata for docker.io/library/golang:1.17.1-bullseye
#2 DONE 0.1s

#3 [internal] load metadata for gcr.io/distroless/base-debian10:latest
#3 DONE 0.2s

#4 [internal] load .dockerignore
#4 transferring context: 2B done
#4 DONE 0.0s

#5 [build 1/4] FROM docker.io/library/golang:1.17.1-bullseye@sha256:a17096738ab2ef373b2bb8d3d6773cf7be88b90bca0a7da655e5816d211230f3
#5 DONE 0.0s

#6 [stage-1 1/3] FROM gcr.io/distroless/base-debian10:latest@sha256:101798a3b76599762d3528635113f0466dc9655ecba82e8e33d410e2bf5cd319
#6 DONE 0.0s

#7 [internal] load build context
#7 transferring context: 1.84kB done
#7 DONE 0.0s

#8 [build 2/4] WORKDIR /app
#8 CACHED

#9 [build 3/4] COPY . ./
#9 CACHED

#10 [build 4/4] RUN go build -o /ics ./stub/ics/
#10 0.333 stat /app/stub/ics: directory not found
#10 ERROR: process "/bin/sh -
2026-01-14 21:51:46,925 - INFO - Building Dockerfile...
2026-01-14 21:51:47,748 - INFO - ✓ Build successful: Dockerfile
2026-01-14 21:51:47,748 - INFO - Building Dockerfile-sdnr-sim...
2026-01-14 21:51:53,511 - ERROR - ✗ Build failed: Dockerfile-sdnr-sim
2026-01-14 21:51:53,511 - ERROR - Error: #0 building with "default" instance using docker driver

#1 [internal] load build definition from Dockerfile-sdnr-sim
#1 transferring dockerfile: 1.16kB done
#1 DONE 0.0s

#2 [internal] load metadata for docker.io/library/python:3.8-slim-buster
#2 DONE 0.6s

#3 [internal] load .dockerignore
#3 transferring context: 2B done
#3 DONE 0.0s

#4 [1/7] FROM docker.io/library/python:3.8-slim-buster@sha256:8799b0564103a9f36cfb8a8e1c562e11a9a6f2e3bb214e2adc23982b36a04511
#4 DONE 0.0s

#5 [internal] load build context
#5 transferring context: 11.97kB done
#5 DONE 0.0s

#6 [2/7] COPY . /usr/src/app/
#6 CACHED

#7 [3/7] WORKDIR /usr/src/app
#7 CACHED

#8 [4/7] RUN apt update
#8 0.327 
#8 0.327 WARNING: apt does not have a stable CLI interface. Use with caution in scripts.
#8 0.327 
#8 4.535 Ign:1 http://deb.debian.org/debian buster InRelease
#8 4.551 Ign:2 http://deb.debian.org/debian-security buster/updates InRelease
#8 4.572 Ign:3 http://deb.debian.org/debian buster-updates InRelease
#8 4.589 Err
2026-01-14 21:51:53,511 - INFO - Building Dockerfile-message-generator...
2026-01-14 21:51:55,014 - ERROR - ✗ Build failed: Dockerfile-message-generator
2026-01-14 21:51:55,014 - ERROR - Error: #0 building with "default" instance using docker driver

#1 [internal] load build definition from Dockerfile-message-generator
#1 transferring dockerfile: 1.18kB done
#1 DONE 0.0s

#2 [internal] load metadata for docker.io/library/python:3.8-slim-buster
#2 DONE 0.1s

#3 [internal] load .dockerignore
#3 transferring context: 2B done
#3 DONE 0.0s

#4 [1/7] FROM docker.io/library/python:3.8-slim-buster@sha256:8799b0564103a9f36cfb8a8e1c562e11a9a6f2e3bb214e2adc23982b36a04511
#4 DONE 0.0s

#5 [internal] load build context
#5 transferring context: 202B done
#5 DONE 0.0s

#6 [2/7] COPY . /usr/src/app/
#6 CACHED

#7 [3/7] WORKDIR /usr/src/app
#7 CACHED

#8 [4/7] RUN apt update
#8 0.326 
#8 0.326 WARNING: apt does not have a stable CLI interface. Use with caution in scripts.
#8 0.326 
#8 0.499 Ign:1 http://deb.debian.org/debian buster InRelease
#8 0.581 Ign:2 http://deb.debian.org/debian-security buster/updates InRelease
#8 0.605 Ign:3 http://deb.debian.org/debian buster-updates InRelease
#8 0.6
2026-01-14 21:51:55,014 - INFO - Building Dockerfile...
2026-01-14 21:51:56,336 - ERROR - ✗ Build failed: Dockerfile
2026-01-14 21:51:56,336 - ERROR - Error: #0 building with "default" instance using docker driver

#1 [internal] load build definition from Dockerfile
#1 transferring dockerfile: 1.29kB done
#1 DONE 0.0s

#2 [internal] load metadata for docker.io/library/python:3.8-slim-buster
#2 DONE 0.1s

#3 [internal] load .dockerignore
#3 transferring context: 2B done
#3 DONE 0.0s

#4 [1/9] FROM docker.io/library/python:3.8-slim-buster@sha256:8799b0564103a9f36cfb8a8e1c562e11a9a6f2e3bb214e2adc23982b36a04511
#4 DONE 0.0s

#5 [internal] load build context
#5 transferring context: 10.79kB done
#5 DONE 0.0s

#6 [2/9] COPY . /usr/src/app/
#6 CACHED

#7 [3/9] WORKDIR /usr/src/app
#7 CACHED

#8 [4/9] RUN apt update
#8 0.326 
#8 0.326 WARNING: apt does not have a stable CLI interface. Use with caution in scripts.
#8 0.326 
#8 0.427 Ign:1 http://deb.debian.org/debian buster InRelease
#8 0.443 Ign:2 http://deb.debian.org/debian-security buster/updates InRelease
#8 0.459 Ign:3 http://deb.debian.org/debian buster-updates InRelease
#8 0.476 Err:4 http:/
2026-01-14 21:51:56,336 - WARNING - ⚠ Partial success: 1 successful, 6 failed
2026-01-14 21:51:56,336 - INFO - Summary: 1 successful, 6 failed out of 7 total
