2026-01-14 21:08:03,420 - INFO - Cloning repository: o-ran-sc/nonrtric-rapp-orufhrecovery
2026-01-14 21:08:03,830 - INFO - Found 7 Dockerfile(s)
2026-01-14 21:08:03,830 - INFO - Building Dockerfile-producer...
2026-01-14 21:08:40,563 - ERROR - ✗ Build failed: Dockerfile-producer
2026-01-14 21:08:40,563 - ERROR - Error: #0 building with "default" instance using docker driver

#1 [internal] load build definition from Dockerfile-producer
#1 transferring dockerfile: 1.11kB done
#1 DONE 0.1s

#2 [internal] load metadata for docker.io/library/golang:1.17.1-bullseye
#2 ...

#3 [internal] load metadata for gcr.io/distroless/base-debian10:latest
#3 DONE 0.9s

#2 [internal] load metadata for docker.io/library/golang:1.17.1-bullseye
#2 DONE 1.0s

#4 [internal] load .dockerignore
#4 transferring context:
#4 transferring context: 2B done
#4 DONE 0.1s

#5 [internal] load build context
#5 DONE 0.0s

#6 [build 1/4] FROM docker.io/library/golang:1.17.1-bullseye@sha256:a17096738ab2ef373b2bb8d3d6773cf7be88b90bca0a7da655e5816d211230f3
#6 resolve docker.io/library/golang:1.17.1-bullseye@sha256:a17096738ab2ef373b2bb8d3d6773cf7be88b90bca0a7da655e5816d211230f3 0.1s done
#6 sha256:afd249ca5bd9619f781306bc817662a6854e2084b8eaca338d0f2ffc3051f35f 1.80kB / 1.80kB done
#6 ...

#5 [internal] load build context
#5 transferring con
2026-01-14 21:08:40,563 - INFO - Building Dockerfile-sdnr...
2026-01-14 21:08:41,858 - ERROR - ✗ Build failed: Dockerfile-sdnr
2026-01-14 21:08:41,858 - ERROR - Error: #0 building with "default" instance using docker driver

#1 [internal] load build definition from Dockerfile-sdnr
#1 transferring dockerfile: 1.10kB done
#1 DONE 0.0s

#2 [internal] load metadata for docker.io/library/golang:1.17.1-bullseye
#2 DONE 0.1s

#3 [internal] load metadata for gcr.io/distroless/base-debian10:latest
#3 DONE 0.2s

#4 [internal] load .dockerignore
#4 DONE 0.0s

#4 [internal] load .dockerignore
#4 transferring context: 2B done
#4 DONE 0.0s

#5 [build 1/4] FROM docker.io/library/golang:1.17.1-bullseye@sha256:a17096738ab2ef373b2bb8d3d6773cf7be88b90bca0a7da655e5816d211230f3
#5 DONE 0.0s

#6 [stage-1 1/3] FROM gcr.io/distroless/base-debian10:latest@sha256:101798a3b76599762d3528635113f0466dc9655ecba82e8e33d410e2bf5cd319
#6 CACHED

#7 [internal] load build context
#7 transferring context: 1.84kB done
#7 DONE 0.0s

#8 [build 2/4] WORKDIR /app
#8 CACHED

#9 [build 3/4] COPY . ./
#9 CACHED

#10 [build 4/4] RUN go build -o /sdnrstub ./stub/sdnr/
#10 0.321 stat /app/stub/sdn
2026-01-14 21:08:41,858 - INFO - Building Dockerfile-ics...
2026-01-14 21:08:43,013 - ERROR - ✗ Build failed: Dockerfile-ics
2026-01-14 21:08:43,013 - ERROR - Error: #0 building with "default" instance using docker driver

#1 [internal] load build definition from Dockerfile-ics
#1 transferring dockerfile: 1.09kB done
#1 DONE 0.0s

#2 [internal] load metadata for docker.io/library/golang:1.17.1-bullseye
#2 DONE 0.1s

#3 [internal] load metadata for gcr.io/distroless/base-debian10:latest
#3 DONE 0.3s

#4 [internal] load .dockerignore
#4 transferring context: 2B done
#4 DONE 0.0s

#5 [build 1/4] FROM docker.io/library/golang:1.17.1-bullseye@sha256:a17096738ab2ef373b2bb8d3d6773cf7be88b90bca0a7da655e5816d211230f3
#5 DONE 0.0s

#6 [stage-1 1/3] FROM gcr.io/distroless/base-debian10:latest@sha256:101798a3b76599762d3528635113f0466dc9655ecba82e8e33d410e2bf5cd319
#6 CACHED

#7 [internal] load build context
#7 transferring context: 1.84kB done
#7 DONE 0.0s

#8 [build 2/4] WORKDIR /app
#8 CACHED

#9 [build 3/4] COPY . ./
#9 CACHED

#10 [build 4/4] RUN go build -o /ics ./stub/ics/
#10 0.311 stat /app/stub/ics: directory not found
#10 ERROR: process "/bin/sh -c g
2026-01-14 21:08:43,013 - INFO - Building Dockerfile...
2026-01-14 21:08:52,085 - INFO - ✓ Build successful: Dockerfile
2026-01-14 21:08:52,085 - INFO - Building Dockerfile-sdnr-sim...
2026-01-14 21:08:53,849 - ERROR - ✗ Build failed: Dockerfile-sdnr-sim
2026-01-14 21:08:53,849 - ERROR - Error: #0 building with "default" instance using docker driver

#1 [internal] load build definition from Dockerfile-sdnr-sim
#1 transferring dockerfile: 1.16kB done
#1 DONE 0.0s

#2 [internal] load metadata for docker.io/library/python:3.8-slim-buster
#2 DONE 0.2s

#3 [internal] load .dockerignore
#3 transferring context: 2B done
#3 DONE 0.0s

#4 [1/7] FROM docker.io/library/python:3.8-slim-buster@sha256:8799b0564103a9f36cfb8a8e1c562e11a9a6f2e3bb214e2adc23982b36a04511
#4 CACHED

#5 [internal] load build context
#5 transferring context: 11.97kB done
#5 DONE 0.0s

#6 [2/7] COPY . /usr/src/app/
#6 DONE 0.2s

#7 [3/7] WORKDIR /usr/src/app
#7 DONE 0.1s

#8 [4/7] RUN apt update
#8 0.348 
#8 0.348 WARNING: apt does not have a stable CLI interface. Use with caution in scripts.
#8 0.348 
#8 0.572 Ign:1 http://deb.debian.org/debian buster InRelease
#8 0.588 Ign:2 http://deb.debian.org/debian-security buster/updates InRelease
#8 0.604 Ign:3 http://deb.debian.org/debian buster-updates InRelease
#8 0.621 
2026-01-14 21:08:53,849 - INFO - Building Dockerfile-message-generator...
2026-01-14 21:08:56,389 - ERROR - ✗ Build failed: Dockerfile-message-generator
2026-01-14 21:08:56,389 - ERROR - Error: #0 building with "default" instance using docker driver

#1 [internal] load build definition from Dockerfile-message-generator
#1 transferring dockerfile: 1.18kB done
#1 DONE 0.0s

#2 [internal] load metadata for docker.io/library/python:3.8-slim-buster
#2 DONE 0.1s

#3 [internal] load .dockerignore
#3 transferring context: 2B done
#3 DONE 0.0s

#4 [1/7] FROM docker.io/library/python:3.8-slim-buster@sha256:8799b0564103a9f36cfb8a8e1c562e11a9a6f2e3bb214e2adc23982b36a04511
#4 DONE 0.0s

#5 [internal] load build context
#5 transferring context: 202B done
#5 DONE 0.0s

#6 [2/7] COPY . /usr/src/app/
#6 CACHED

#7 [3/7] WORKDIR /usr/src/app
#7 CACHED

#8 [4/7] RUN apt update
#8 0.332 
#8 0.332 WARNING: apt does not have a stable CLI interface. Use with caution in scripts.
#8 0.332 
#8 1.678 Ign:1 http://deb.debian.org/debian buster InRelease
#8 1.694 Ign:2 http://deb.debian.org/debian-security buster/updates InRelease
#8 1.710 Ign:3 http://deb.debian.org/debian buster-updates InRelease
#8 1.7
2026-01-14 21:08:56,389 - INFO - Building Dockerfile...
2026-01-14 21:08:58,046 - ERROR - ✗ Build failed: Dockerfile
2026-01-14 21:08:58,046 - ERROR - Error: #0 building with "default" instance using docker driver

#1 [internal] load build definition from Dockerfile
#1 transferring dockerfile: 1.29kB done
#1 DONE 0.0s

#2 [internal] load metadata for docker.io/library/python:3.8-slim-buster
#2 DONE 0.2s

#3 [internal] load .dockerignore
#3 transferring context: 2B done
#3 DONE 0.1s

#4 [1/9] FROM docker.io/library/python:3.8-slim-buster@sha256:8799b0564103a9f36cfb8a8e1c562e11a9a6f2e3bb214e2adc23982b36a04511
#4 DONE 0.0s

#5 [internal] load build context
#5 transferring context: 10.79kB done
#5 DONE 0.0s

#4 [1/9] FROM docker.io/library/python:3.8-slim-buster@sha256:8799b0564103a9f36cfb8a8e1c562e11a9a6f2e3bb214e2adc23982b36a04511
#4 CACHED

#6 [2/9] COPY . /usr/src/app/
#6 DONE 0.1s

#7 [3/9] WORKDIR /usr/src/app
#7 DONE 0.2s

#8 [4/9] RUN apt update
#8 0.336 
#8 0.336 WARNING: apt does not have a stable CLI interface. Use with caution in scripts.
#8 0.336 
#8 0.451 Ign:1 http://deb.debian.org/debian buster InRelease
#8 0.468 Ign:2 http://de
2026-01-14 21:08:58,046 - WARNING - ⚠ Partial success: 1 successful, 6 failed
2026-01-14 21:08:58,046 - INFO - Summary: 1 successful, 6 failed out of 7 total
