2026-01-14 21:51:58,157 - INFO - Cloning repository: o-ran-sc/nonrtric-plt-informationcoordinatorservice
2026-01-14 21:51:58,914 - INFO - Found 1 Dockerfile(s)
2026-01-14 21:51:58,914 - INFO - Building Dockerfile...
2026-01-14 21:52:00,744 - ERROR - ✗ Build failed: Dockerfile
2026-01-14 21:52:00,744 - ERROR - Error: #0 building with "default" instance using docker driver

#1 [internal] load build definition from Dockerfile
#1 transferring dockerfile: 2.54kB done
#1 DONE 0.0s

#2 [internal] load metadata for nexus3.o-ran-sc.org:10001/amazoncorretto:17.0.17
#2 DONE 0.4s

#3 [internal] load metadata for nexus3.o-ran-sc.org:10001/debian:11-slim
#3 DONE 0.6s

#4 [internal] load .dockerignore
#4 transferring context: 2B done
#4 DONE 0.0s

#5 [jre-build 1/3] FROM nexus3.o-ran-sc.org:10001/amazoncorretto:17.0.17@sha256:eba8935ced38cb0edcc6fd2c4e72f8ef83b23fa88fd2bcdefe52e79a8d7ab705
#5 CACHED

#6 [internal] load build context
#6 transferring context: 12.70kB done
#6 DONE 0.0s

#7 [stage-1 4/9] RUN mkdir -p /var/log/information-coordinator-service &&     mkdir -p /opt/app/information-coordinator-service/etc/cert/ &&     mkdir -p /var/information-coordinator-service/database
#7 CACHED

#8 [stage-1 2/9] COPY --from=jre-build /customjre /jre
#8 CACHED

#9 [stage-1 5/9] COPY /config/application.yaml /opt/app/i
2026-01-14 21:52:00,744 - ERROR - ✗ All builds failed for o-ran-sc/nonrtric-plt-informationcoordinatorservice
2026-01-14 21:52:00,744 - INFO - Summary: 0 successful, 1 failed out of 1 total
