2026-01-14 21:51:36,520 - INFO - Cloning repository: o-ran-sc/nonrtric-rapp-ransliceassurance
2026-01-14 21:51:36,915 - INFO - Found 6 Dockerfile(s)
2026-01-14 21:51:36,916 - INFO - Building Dockerfile-ProdSdnc...
2026-01-14 21:51:37,748 - INFO - ✓ Build successful: Dockerfile-ProdSdnc
2026-01-14 21:51:37,748 - INFO - Building Dockerfile-ics...
2026-01-14 21:51:38,450 - INFO - ✓ Build successful: Dockerfile-ics
2026-01-14 21:51:38,450 - INFO - Building Dockerfile...
2026-01-14 21:51:39,378 - INFO - ✓ Build successful: Dockerfile
2026-01-14 21:51:39,378 - INFO - Building Dockerfile-simulator...
2026-01-14 21:51:40,109 - INFO - ✓ Build successful: Dockerfile-simulator
2026-01-14 21:51:40,109 - INFO - Building Dockerfile...
2026-01-14 21:51:40,890 - INFO - ✓ Build successful: Dockerfile
2026-01-14 21:51:40,890 - INFO - Building Dockerfile...
2026-01-14 21:51:42,501 - ERROR - ✗ Build failed: Dockerfile
2026-01-14 21:51:42,501 - ERROR - Error: #0 building with "default" instance using docker driver

#1 [internal] load build definition from Dockerfile
#1 transferring dockerfile: 376B done
#1 WARN: FromAsCasing: 'as' and 'FROM' keywords' casing do not match (line 1)
#1 DONE 0.1s

#2 [internal] load metadata for docker.io/library/golang:1.15.2-alpine3.12
#2 DONE 0.1s

#3 [internal] load metadata for docker.io/library/alpine:latest
#3 DONE 0.4s

#4 [internal] load .dockerignore
#4 transferring context: 2B done
#4 DONE 0.0s

#5 [build 1/6] FROM docker.io/library/golang:1.15.2-alpine3.12@sha256:4d8abd16b03209b30b48f69a2e10347aacf7ce65d8f9f685e8c3e20a512234d9
#5 DONE 0.0s

#6 [stage-1 1/4] FROM docker.io/library/alpine:latest@sha256:865b95f46d98cf867a156fe4a135ad3fe50d2056aa3f25ed31662dff6da4eb62
#6 DONE 0.0s

#7 [stage-1 2/4] RUN mkdir /app
#7 CACHED

#8 [stage-1 3/4] WORKDIR /app/
#8 CACHED

#9 [internal] load build context
#9 transferring context: 14.58kB done
#9 DONE 0.0s

#10 [build 4/6] ADD . /build
#10 CACHED

#11 [build 2/6
2026-01-14 21:51:42,501 - WARNING - ⚠ Partial success: 5 successful, 1 failed
2026-01-14 21:51:42,501 - INFO - Summary: 5 successful, 1 failed out of 6 total
