2026-01-14 20:32:54,113 - INFO - Cloning repository: o-ran-sc/portal-nonrtric-controlpanel
2026-01-14 20:32:55,254 - INFO - Found 2 Dockerfile(s)
2026-01-14 20:32:55,254 - INFO - Building Dockerfile...
2026-01-14 20:33:08,294 - ERROR - ✗ Build failed: Dockerfile
2026-01-14 20:33:08,294 - ERROR - Error: #0 building with "default" instance using docker driver

#1 [internal] load build definition from Dockerfile
#1 transferring dockerfile:
#1 transferring dockerfile: 1.99kB 0.2s done
#1 DONE 4.2s

#2 [internal] load metadata for nexus3.o-ran-sc.org:10001/debian:11-slim
#2 ...

#3 [internal] load metadata for nexus3.o-ran-sc.org:10001/amazoncorretto:17.0.17
#3 DONE 5.4s

#2 [internal] load metadata for nexus3.o-ran-sc.org:10001/debian:11-slim
#2 DONE 5.4s

#4 [internal] load .dockerignore
#4 transferring context: 2B done
#4 DONE 0.0s

#5 [jre-build 1/3] FROM nexus3.o-ran-sc.org:10001/amazoncorretto:17.0.17@sha256:eba8935ced38cb0edcc6fd2c4e72f8ef83b23fa88fd2bcdefe52e79a8d7ab705
#5 CACHED

#6 [internal] load build context
#6 transferring context: 2.10kB done
#6 DONE 0.0s

#7 [stage-1 2/9] COPY --from=jre-build /customjre /jre
#7 CACHED

#8 [stage-1 4/9] RUN mkdir -p /var/log/nonrtric-gateway
#8 CACHED

#9 [jre-build 3/3] RUN /usr/lib/jvm/java-17-amazon-corretto/bin/jlink --verbose --add-mo
2026-01-14 20:33:08,295 - INFO - Building Dockerfile...
2026-01-14 20:38:35,767 - INFO - ✓ Build successful: Dockerfile
2026-01-14 20:38:35,767 - WARNING - ⚠ Partial success: 1 successful, 1 failed
2026-01-14 20:38:35,768 - INFO - Summary: 1 successful, 1 failed out of 2 total
