2026-01-14 21:26:08,308 - INFO - Cloning repository: o-ran-sc/portal-nonrtric-controlpanel
2026-01-14 21:26:09,137 - INFO - Found 2 Dockerfile(s)
2026-01-14 21:26:09,138 - INFO - Building Dockerfile...
2026-01-14 21:26:17,291 - ERROR - ✗ Build failed: Dockerfile
2026-01-14 21:26:17,291 - ERROR - Error: #0 building with "default" instance using docker driver

#1 [internal] load build definition from Dockerfile
#1 transferring dockerfile: 1.99kB done
#1 DONE 0.2s

#2 [internal] load metadata for nexus3.o-ran-sc.org:10001/amazoncorretto:17.0.17
#2 DONE 0.9s

#3 [internal] load metadata for nexus3.o-ran-sc.org:10001/debian:11-slim
#3 DONE 1.4s

#4 [internal] load .dockerignore
#4 transferring context: 2B done
#4 DONE 0.2s

#5 [internal] load build context
#5 DONE 0.0s

#6 [jre-build 1/3] FROM nexus3.o-ran-sc.org:10001/amazoncorretto:17.0.17@sha256:eba8935ced38cb0edcc6fd2c4e72f8ef83b23fa88fd2bcdefe52e79a8d7ab705
#6 DONE 0.0s

#7 [stage-1 1/9] FROM nexus3.o-ran-sc.org:10001/debian:11-slim@sha256:b32674fb57780ad57d7b0749242d3f585f462f4ec4a60ae0adacd945f9cb9734
#7 resolve nexus3.o-ran-sc.org:10001/debian:11-slim@sha256:b32674fb57780ad57d7b0749242d3f585f462f4ec4a60ae0adacd945f9cb9734
#7 resolve nexus3.o-ran-sc.org:10001/debian:11-slim@sha256:b32674fb57780ad57d7b0749242d3f585f462f4ec4a60ae0ada
2026-01-14 21:26:17,291 - INFO - Building Dockerfile...
2026-01-14 21:26:21,058 - INFO - ✓ Build successful: Dockerfile
2026-01-14 21:26:21,058 - WARNING - ⚠ Partial success: 1 successful, 1 failed
2026-01-14 21:26:21,058 - INFO - Summary: 1 successful, 1 failed out of 2 total
