2026-01-14 21:44:15,335 - INFO - Cloning repository: o-ran-sc/ric-plt-ricdms
2026-01-14 21:44:15,805 - INFO - Found 2 Dockerfile(s)
2026-01-14 21:44:15,806 - INFO - Building Dockerfile...
2026-01-14 21:50:02,945 - INFO - ✓ Build successful: Dockerfile
2026-01-14 21:50:02,945 - INFO - Building Dockerfile...
2026-01-14 21:50:16,997 - ERROR - ✗ Build failed: Dockerfile
2026-01-14 21:50:16,997 - ERROR - Error: #0 building with "default" instance using docker driver

#1 [internal] load build definition from Dockerfile
#1 transferring dockerfile: 1.35kB done
#1 WARN: FromAsCasing: 'as' and 'FROM' keywords' casing do not match (line 2)
#1 DONE 0.0s

#2 [internal] load metadata for docker.io/library/golang:1.20
#2 ...

#3 [internal] load metadata for gcr.io/distroless/static:nonroot
#3 DONE 0.3s

#2 [internal] load metadata for docker.io/library/golang:1.20
#2 DONE 0.4s

#4 [internal] load .dockerignore
#4 transferring context: 2B done
#4 DONE 0.0s

#5 [builder 1/9] FROM docker.io/library/golang:1.20@sha256:8f9af7094d0cb27cc783c697ac5ba25efdc4da35f8526db21f7aebb0b0b4f18a
#5 DONE 0.0s

#6 [stage-1 1/3] FROM gcr.io/distroless/static:nonroot@sha256:cba10d7abd3e203428e86f5b2d7fd5eb7d8987c387864ae4996cf97191b33764
#6 CACHED

#7 [internal] load build context
#7 transferring context: 82.83kB done
#7 DONE 0.0s

#8 [builder 2/9] WORKDIR /workspace
#8 CACHED

#9 [builder 3/9] COPY go.mod go.mod
#9 DONE 0.
2026-01-14 21:50:16,998 - WARNING - ⚠ Partial success: 1 successful, 1 failed
2026-01-14 21:50:16,998 - INFO - Summary: 1 successful, 1 failed out of 2 total
