2026-01-14 19:55:43,581 - INFO - Cloning repository: o-ran-sc/ric-plt-utils
2026-01-14 19:55:43,914 - INFO - Found 1 Dockerfile(s)
2026-01-14 19:55:43,914 - INFO - Building Dockerfile...
2026-01-14 19:56:03,606 - ERROR - ✗ Build failed: Dockerfile
2026-01-14 19:56:03,606 - ERROR - Error: #0 building with "default" instance using docker driver

#1 [internal] load build definition from Dockerfile
#1 transferring dockerfile: 3.56kB done
#1 WARN: FromAsCasing: 'as' and 'FROM' keywords' casing do not match (line 39)
#1 DONE 0.0s

#2 [internal] load metadata for docker.io/library/ubuntu:18.04
#2 DONE 0.0s

#3 [internal] load .dockerignore
#3 transferring context: 2B done
#3 DONE 0.0s

#4 [buildenv 1/7] FROM docker.io/library/ubuntu:18.04
#4 CACHED

#5 [internal] load build context
#5 transferring context: 167.93kB 0.0s done
#5 DONE 0.1s

#6 [stage-1 2/8] RUN    apt-get update 	&& apt-get install -y wget curl libcurlpp0 libcurl4-gnutls-dev
#6 0.848 Get:1 http://archive.ubuntu.com/ubuntu bionic InRelease [242 kB]
#6 1.097 Get:2 http://security.ubuntu.com/ubuntu bionic-security InRelease [102 kB]
#6 1.290 Get:3 http://archive.ubuntu.com/ubuntu bionic-updates InRelease [102 kB]
#6 1.398 Get:4 http://archive.ubuntu.com/ubuntu bionic-backports InRelease [102 kB]
#6 1.507 Get:5 htt
2026-01-14 19:56:03,606 - ERROR - ✗ All builds failed for o-ran-sc/ric-plt-utils
2026-01-14 19:56:03,606 - INFO - Summary: 0 successful, 1 failed out of 1 total
