2026-01-14 19:26:14,146 - INFO - Cloning repository: o-ran-sc/com-log
2026-01-14 19:26:14,534 - INFO - Found 1 Dockerfile(s)
2026-01-14 19:26:14,534 - INFO - Building Dockerfile-Test...
2026-01-14 19:26:15,295 - ERROR - ✗ Build failed: Dockerfile-Test
2026-01-14 19:26:15,295 - ERROR - Error: #0 building with "default" instance using docker driver

#1 [internal] load build definition from Dockerfile-Test
#1 transferring dockerfile: 1.57kB done
#1 DONE 0.0s

#2 [internal] load metadata for nexus3.o-ran-sc.org:10004/o-ran-sc/bldr-ubuntu18-c-go:9-u18.04
#2 ERROR: nexus3.o-ran-sc.org:10004/o-ran-sc/bldr-ubuntu18-c-go:9-u18.04: not found
------
 > [internal] load metadata for nexus3.o-ran-sc.org:10004/o-ran-sc/bldr-ubuntu18-c-go:9-u18.04:
------
Dockerfile-Test:26
--------------------
  24 |     # Adds required build tools
  25 |     
  26 | >>> FROM nexus3.o-ran-sc.org:10004/o-ran-sc/bldr-ubuntu18-c-go:9-u18.04
  27 |     
  28 |     RUN apt-get update && apt-get -q -y install \
--------------------
ERROR: failed to build: failed to solve: nexus3.o-ran-sc.org:10004/o-ran-sc/bldr-ubuntu18-c-go:9-u18.04: failed to resolve source metadata for nexus3.o-ran-sc.org:10004/o-ran-sc/bldr-ubuntu18-c-go:9-u18.04: nexus3.o-ran-sc.org:10004/o-ran-sc/bldr-ubuntu18-c-go:9-u18.04: not found
2026-01-14 19:26:15,295 - ERROR - ✗ All builds failed for o-ran-sc/com-log
2026-01-14 19:26:15,295 - INFO - Summary: 0 successful, 1 failed out of 1 total
