2026-01-14 20:55:15,297 - INFO - Cloning repository: o-ran-sc/ric-plt-dbaas
2026-01-14 20:55:15,704 - INFO - Found 2 Dockerfile(s)
2026-01-14 20:55:15,705 - INFO - Building Dockerfile.testapp...
2026-01-14 20:55:19,217 - ERROR - ✗ Build failed: Dockerfile.testapp
2026-01-14 20:55:19,217 - ERROR - Error: #0 building with "default" instance using docker driver

#1 [internal] load build definition from Dockerfile.testapp
#1 transferring dockerfile: 1.49kB done
#1 DONE 0.0s

#2 [internal] load metadata for docker.io/library/ubuntu:latest
#2 DONE 0.3s

#3 [internal] load .dockerignore
#3 transferring context: 2B done
#3 DONE 0.0s

#4 [1/4] FROM docker.io/library/ubuntu:latest@sha256:c35e29c9450151419d9448b0fd75374fec4fff364a27f176fb458d472dfc9e54
#4 CACHED

#5 [internal] load build context
#5 transferring context: 2B done
#5 DONE 0.1s

#6 [2/4] RUN apt-get update &&     apt install -y redis-tools &&     apt install -y git &&     apt install -y wget &&     wget https://golang.org/dl/go1.12.17.linux-amd64.tar.gz &&     tar -xvf go1.12.17.linux-amd64.tar.gz &&     mv go /usr/local &&     apt-get clean
#6 ...

#7 [3/4] COPY ./testapplication ./testapplication
#7 ERROR: failed to calculate checksum of ref db9b553a-9819-4726-a7bb-a7b05c7defbe::t281qrsh8sofe5d1da93ycwrq: "/testapplication": not f
2026-01-14 20:55:19,217 - INFO - Building Dockerfile.redis...
2026-01-14 20:55:21,614 - ERROR - ✗ Build failed: Dockerfile.redis
2026-01-14 20:55:21,615 - ERROR - Error: #0 building with "default" instance using docker driver

#1 [internal] load build definition from Dockerfile.redis
#1 transferring dockerfile: 2.86kB done
#1 WARN: FromAsCasing: 'as' and 'FROM' keywords' casing do not match (line 29)
#1 WARN: FromAsCasing: 'as' and 'FROM' keywords' casing do not match (line 64)
#1 WARN: FromAsCasing: 'as' and 'FROM' keywords' casing do not match (line 81)
#1 DONE 0.0s

#2 [internal] load metadata for docker.io/library/redis:6.2.14-alpine3.18
#2 ...

#3 [internal] load metadata for nexus3.o-ran-sc.org:10002/o-ran-sc/bldr-alpine3-go:2.0.0
#3 DONE 0.9s

#2 [internal] load metadata for docker.io/library/redis:6.2.14-alpine3.18
#2 DONE 1.3s

#4 [internal] load .dockerignore
#4 transferring context: 2B done
#4 DONE 0.0s

#5 [internal] load build context
#5 DONE 0.0s

#6 [build-env 1/6] FROM nexus3.o-ran-sc.org:10002/o-ran-sc/bldr-alpine3-go:2.0.0@sha256:8704ec62c96f8132fddf58842588d3b62884fe95e831c354e1ba381cac7dfb00
#6 resolve nexus3.o-ran-sc.org:10002/o-ra
2026-01-14 20:55:21,615 - ERROR - ✗ All builds failed for o-ran-sc/ric-plt-dbaas
2026-01-14 20:55:21,615 - INFO - Summary: 0 successful, 2 failed out of 2 total
